

Microchip MPLAB XC8 Assembler V2.10 build 88905656 
                                                                                               Thu Feb 06 12:59:54 2020

Microchip MPLAB XC8 C Compiler v2.10 (Free license) build 20190730164152 Og1 
     1                           	processor	16F887
     2                           	opt	pw 120
     3                           	opt	flic
     4                           	psect	idataBANK0,global,class=CODE,delta=2
     5                           	psect	cinit,global,class=CODE,merge=1,delta=2
     6                           	psect	bssCOMMON,global,class=COMMON,space=1,delta=1
     7                           	psect	dataBANK0,global,class=BANK0,space=1,delta=1
     8                           	psect	inittext,global,class=CODE,delta=2
     9                           	psect	cstackCOMMON,global,class=COMMON,space=1,delta=1
    10                           	psect	maintext,global,class=CODE,split=1,delta=2
    11                           	psect	text1,local,class=CODE,merge=1,delta=2
    12                           	psect	text2,local,class=CODE,merge=1,delta=2
    13                           	psect	text3,local,class=CODE,merge=1,delta=2
    14                           	psect	text4,local,class=CODE,merge=1,delta=2
    15                           	psect	text5,local,class=CODE,merge=1,delta=2
    16                           	psect	intentry,global,class=CODE,delta=2
    17                           	psect	text6,local,class=CODE,merge=1,delta=2
    18                           	psect	text7,local,class=CODE,merge=1,delta=2
    19                           	dabs	1,0x7E,2
    20  0000                     
    21                           ; Version 2.10
    22                           ; Generated 31/07/2019 GMT
    23                           ; 
    24                           ; Copyright © 2019, Microchip Technology Inc. and its subsidiaries ("Microchip")
    25                           ; All rights reserved.
    26                           ; 
    27                           ; This software is developed by Microchip Technology Inc. and its subsidiaries ("Microch
      +                          ip").
    28                           ; 
    29                           ; Redistribution and use in source and binary forms, with or without modification, are
    30                           ; permitted provided that the following conditions are met:
    31                           ; 
    32                           ;     1. Redistributions of source code must retain the above copyright notice, this lis
      +                          t of
    33                           ;        conditions and the following disclaimer.
    34                           ; 
    35                           ;     2. Redistributions in binary form must reproduce the above copyright notice, this 
      +                          list
    36                           ;        of conditions and the following disclaimer in the documentation and/or other
    37                           ;        materials provided with the distribution.
    38                           ; 
    39                           ;     3. Microchip's name may not be used to endorse or promote products derived from th
      +                          is
    40                           ;        software without specific prior written permission.
    41                           ; 
    42                           ; THIS SOFTWARE IS PROVIDED BY MICROCHIP "AS IS" AND ANY EXPRESS OR IMPLIED WARRANTIES,
    43                           ; INCLUDING, BUT NOT LIMITED TO, THE IMPLIED WARRANTIES OF MERCHANTABILITY AND FITNESS F
      +                          OR
    44                           ; PURPOSE ARE DISCLAIMED.  IN NO EVENT SHALL MICROCHIP BE LIABLE FOR ANY DIRECT, INDIREC
      +                          T,
    45                           ; INCIDENTAL, SPECIAL, EXEMPLARY, OR CONSEQUENTIAL DAMAGES (INCLUDING BUT NOT LIMITED TO
    46                           ; PROCUREMENT OF SUBSTITUTE GOODS OR SERVICES; LOSS OF USE, DATA OR PROFITS; OR BUSINESS
    47                           ; INTERRUPTION) HOWSOEVER CAUSED AND ON ANY THEORY OF LIABILITY, WHETHER IN CONTRACT, ST
      +                          RICT
    48                           ; LIABILITY, OR TORT (INCLUDING NEGLIGENCE OR OTHERWISE) ARISING IN ANY WAY OUT OF THE U
      +                          SE OF
    49                           ; THIS SOFTWARE, EVEN IF ADVISED OF THE POSSIBILITY OF SUCH DAMAGE.
    50                           ; 
    51                           ; 
    52                           ; Code-generator required, PIC16F887 Definitions
    53                           ; 
    54                           ; SFR Addresses
    55  0000                     	;# 
    56  0001                     	;# 
    57  0002                     	;# 
    58  0003                     	;# 
    59  0004                     	;# 
    60  0005                     	;# 
    61  0006                     	;# 
    62  0007                     	;# 
    63  0008                     	;# 
    64  0009                     	;# 
    65  000A                     	;# 
    66  000B                     	;# 
    67  000C                     	;# 
    68  000D                     	;# 
    69  000E                     	;# 
    70  000E                     	;# 
    71  000F                     	;# 
    72  0010                     	;# 
    73  0011                     	;# 
    74  0012                     	;# 
    75  0013                     	;# 
    76  0014                     	;# 
    77  0015                     	;# 
    78  0015                     	;# 
    79  0016                     	;# 
    80  0017                     	;# 
    81  0018                     	;# 
    82  0019                     	;# 
    83  001A                     	;# 
    84  001B                     	;# 
    85  001B                     	;# 
    86  001C                     	;# 
    87  001D                     	;# 
    88  001E                     	;# 
    89  001F                     	;# 
    90  0081                     	;# 
    91  0085                     	;# 
    92  0086                     	;# 
    93  0087                     	;# 
    94  0088                     	;# 
    95  0089                     	;# 
    96  008C                     	;# 
    97  008D                     	;# 
    98  008E                     	;# 
    99  008F                     	;# 
   100  0090                     	;# 
   101  0091                     	;# 
   102  0092                     	;# 
   103  0093                     	;# 
   104  0093                     	;# 
   105  0093                     	;# 
   106  0094                     	;# 
   107  0095                     	;# 
   108  0096                     	;# 
   109  0097                     	;# 
   110  0098                     	;# 
   111  0099                     	;# 
   112  009A                     	;# 
   113  009B                     	;# 
   114  009C                     	;# 
   115  009D                     	;# 
   116  009E                     	;# 
   117  009F                     	;# 
   118  0105                     	;# 
   119  0107                     	;# 
   120  0108                     	;# 
   121  0109                     	;# 
   122  010C                     	;# 
   123  010C                     	;# 
   124  010D                     	;# 
   125  010E                     	;# 
   126  010F                     	;# 
   127  0185                     	;# 
   128  0187                     	;# 
   129  0188                     	;# 
   130  0189                     	;# 
   131  018C                     	;# 
   132  018D                     	;# 
   133  0000                     	;# 
   134  0001                     	;# 
   135  0002                     	;# 
   136  0003                     	;# 
   137  0004                     	;# 
   138  0005                     	;# 
   139  0006                     	;# 
   140  0007                     	;# 
   141  0008                     	;# 
   142  0009                     	;# 
   143  000A                     	;# 
   144  000B                     	;# 
   145  000C                     	;# 
   146  000D                     	;# 
   147  000E                     	;# 
   148  000E                     	;# 
   149  000F                     	;# 
   150  0010                     	;# 
   151  0011                     	;# 
   152  0012                     	;# 
   153  0013                     	;# 
   154  0014                     	;# 
   155  0015                     	;# 
   156  0015                     	;# 
   157  0016                     	;# 
   158  0017                     	;# 
   159  0018                     	;# 
   160  0019                     	;# 
   161  001A                     	;# 
   162  001B                     	;# 
   163  001B                     	;# 
   164  001C                     	;# 
   165  001D                     	;# 
   166  001E                     	;# 
   167  001F                     	;# 
   168  0081                     	;# 
   169  0085                     	;# 
   170  0086                     	;# 
   171  0087                     	;# 
   172  0088                     	;# 
   173  0089                     	;# 
   174  008C                     	;# 
   175  008D                     	;# 
   176  008E                     	;# 
   177  008F                     	;# 
   178  0090                     	;# 
   179  0091                     	;# 
   180  0092                     	;# 
   181  0093                     	;# 
   182  0093                     	;# 
   183  0093                     	;# 
   184  0094                     	;# 
   185  0095                     	;# 
   186  0096                     	;# 
   187  0097                     	;# 
   188  0098                     	;# 
   189  0099                     	;# 
   190  009A                     	;# 
   191  009B                     	;# 
   192  009C                     	;# 
   193  009D                     	;# 
   194  009E                     	;# 
   195  009F                     	;# 
   196  0105                     	;# 
   197  0107                     	;# 
   198  0108                     	;# 
   199  0109                     	;# 
   200  010C                     	;# 
   201  010C                     	;# 
   202  010D                     	;# 
   203  010E                     	;# 
   204  010F                     	;# 
   205  0185                     	;# 
   206  0187                     	;# 
   207  0188                     	;# 
   208  0189                     	;# 
   209  018C                     	;# 
   210  018D                     	;# 
   211  0000                     	;# 
   212  0001                     	;# 
   213  0002                     	;# 
   214  0003                     	;# 
   215  0004                     	;# 
   216  0005                     	;# 
   217  0006                     	;# 
   218  0007                     	;# 
   219  0008                     	;# 
   220  0009                     	;# 
   221  000A                     	;# 
   222  000B                     	;# 
   223  000C                     	;# 
   224  000D                     	;# 
   225  000E                     	;# 
   226  000E                     	;# 
   227  000F                     	;# 
   228  0010                     	;# 
   229  0011                     	;# 
   230  0012                     	;# 
   231  0013                     	;# 
   232  0014                     	;# 
   233  0015                     	;# 
   234  0015                     	;# 
   235  0016                     	;# 
   236  0017                     	;# 
   237  0018                     	;# 
   238  0019                     	;# 
   239  001A                     	;# 
   240  001B                     	;# 
   241  001B                     	;# 
   242  001C                     	;# 
   243  001D                     	;# 
   244  001E                     	;# 
   245  001F                     	;# 
   246  0081                     	;# 
   247  0085                     	;# 
   248  0086                     	;# 
   249  0087                     	;# 
   250  0088                     	;# 
   251  0089                     	;# 
   252  008C                     	;# 
   253  008D                     	;# 
   254  008E                     	;# 
   255  008F                     	;# 
   256  0090                     	;# 
   257  0091                     	;# 
   258  0092                     	;# 
   259  0093                     	;# 
   260  0093                     	;# 
   261  0093                     	;# 
   262  0094                     	;# 
   263  0095                     	;# 
   264  0096                     	;# 
   265  0097                     	;# 
   266  0098                     	;# 
   267  0099                     	;# 
   268  009A                     	;# 
   269  009B                     	;# 
   270  009C                     	;# 
   271  009D                     	;# 
   272  009E                     	;# 
   273  009F                     	;# 
   274  0105                     	;# 
   275  0107                     	;# 
   276  0108                     	;# 
   277  0109                     	;# 
   278  010C                     	;# 
   279  010C                     	;# 
   280  010D                     	;# 
   281  010E                     	;# 
   282  010F                     	;# 
   283  0185                     	;# 
   284  0187                     	;# 
   285  0188                     	;# 
   286  0189                     	;# 
   287  018C                     	;# 
   288  018D                     	;# 
   289                           
   290                           	psect	idataBANK0
   291  00E7                     __pidataBANK0:	
   292                           
   293                           ;initializer for _SEGMENTO2
   294  00E7  343F               	retlw	63
   295  00E8  3406               	retlw	6
   296  00E9  345B               	retlw	91
   297  00EA  344F               	retlw	79
   298  00EB  3466               	retlw	102
   299  00EC  346D               	retlw	109
   300  00ED  347D               	retlw	125
   301  00EE  3407               	retlw	7
   302  00EF  347F               	retlw	127
   303  00F0  346F               	retlw	111
   304  00F1  3477               	retlw	119
   305  00F2  347C               	retlw	124
   306  00F3  3439               	retlw	57
   307  00F4  345E               	retlw	94
   308  00F5  3479               	retlw	121
   309  00F6  3471               	retlw	113
   310                           
   311                           ;initializer for _SEGMENTO1
   312  00F7  343F               	retlw	63
   313  00F8  3406               	retlw	6
   314  00F9  345B               	retlw	91
   315  00FA  344F               	retlw	79
   316  00FB  3466               	retlw	102
   317  00FC  346D               	retlw	109
   318  00FD  347D               	retlw	125
   319  00FE  3407               	retlw	7
   320  00FF  347F               	retlw	127
   321  0100  346F               	retlw	111
   322  0101  3477               	retlw	119
   323  0102  347C               	retlw	124
   324  0103  3439               	retlw	57
   325  0104  345E               	retlw	94
   326  0105  3479               	retlw	121
   327  0106  3471               	retlw	113
   328  001E                     _ADRESH	set	30
   329  001F                     _ADCON0bits	set	31
   330  0008                     _PORTDbits	set	8
   331  0006                     _PORTBbits	set	6
   332  0007                     _PORTC	set	7
   333  000C                     _PIR1bits	set	12
   334  000B                     _INTCON	set	11
   335  001F                     _ADCON0	set	31
   336  0005                     _PORTA	set	5
   337  0001                     _TMR0	set	1
   338  000B                     _INTCONbits	set	11
   339  005A                     _T0IF	set	90
   340  0066                     _ADIF	set	102
   341  0058                     _RBIF	set	88
   342  0081                     _OPTION_REG	set	129
   343  0096                     _IOCB	set	150
   344  008C                     _PIE1bits	set	140
   345  009F                     _ADCON1	set	159
   346  008F                     _OSCCONbits	set	143
   347  0086                     _TRISB	set	134
   348  0088                     _TRISD	set	136
   349  0087                     _TRISC	set	135
   350  0085                     _TRISA	set	133
   351  0189                     _ANSELH	set	393
   352  0188                     _ANSEL	set	392
   353                           
   354                           ; #config settings
   355  0000                     
   356                           	psect	cinit
   357  000F                     start_initialization:	
   358  000F                     __initialization:	
   359                           
   360                           ; Initialize objects allocated to BANK0
   361  000F  1383               	bcf	3,7	;select IRP bank0
   362  0010  3040               	movlw	low (__pdataBANK0+32)
   363  0011  00FD               	movwf	btemp+-1
   364  0012  3000               	movlw	high __pidataBANK0
   365  0013  00FE               	movwf	btemp
   366  0014  30E7               	movlw	low __pidataBANK0
   367  0015  00FF               	movwf	btemp+1
   368  0016  3020               	movlw	low __pdataBANK0
   369  0017  0084               	movwf	4
   370  0018  120A  118A  212B  120A  118A  	fcall	init_ram0
   371                           
   372                           ; Clear objects allocated to COMMON
   373  001D  01F0               	clrf	__pbssCOMMON& (0+127)
   374  001E  01F1               	clrf	(__pbssCOMMON+1)& (0+127)
   375  001F  01F2               	clrf	(__pbssCOMMON+2)& (0+127)
   376  0020  01F3               	clrf	(__pbssCOMMON+3)& (0+127)
   377  0021  01F4               	clrf	(__pbssCOMMON+4)& (0+127)
   378  0022  01F5               	clrf	(__pbssCOMMON+5)& (0+127)
   379  0023  01F6               	clrf	(__pbssCOMMON+6)& (0+127)
   380  0024                     end_of_initialization:	
   381                           ;End of C runtime variable initialization code
   382                           
   383  0024                     __end_of__initialization:	
   384  0024  0183               	clrf	3
   385  0025  120A  118A  294D   	ljmp	_main	;jump to C main() function
   386                           
   387                           	psect	bssCOMMON
   388  0070                     __pbssCOMMON:	
   389  0070                     _COMP:	
   390  0070                     	ds	1
   391  0071                     _change:	
   392  0071                     	ds	1
   393  0072                     _n2:	
   394  0072                     	ds	1
   395  0073                     _n1:	
   396  0073                     	ds	1
   397  0074                     _sum:	
   398  0074                     	ds	1
   399  0075                     _ESTADOR:	
   400  0075                     	ds	1
   401  0076                     _ESTADOS:	
   402  0076                     	ds	1
   403                           
   404                           	psect	dataBANK0
   405  0020                     __pdataBANK0:	
   406  0020                     _SEGMENTO2:	
   407  0020                     	ds	16
   408  0030                     _SEGMENTO1:	
   409  0030                     	ds	16
   410                           
   411                           	psect	inittext
   412  0127                     init_fetch0:	
   413                           ;	Called with low address in FSR and high address in W
   414                           
   415  0127  087E               	movf	btemp,w
   416  0128  008A               	movwf	10
   417  0129  087F               	movf	btemp+1,w
   418  012A  0082               	movwf	2
   419  012B                     init_ram0:	
   420                           ;Called with:
   421                           ;	high address of idata address in btemp 
   422                           ;	low address of idata address in btemp+1 
   423                           ;	low address of data in FSR
   424                           ;	high address + 1 of data in btemp-1
   425                           
   426  012B  120A  118A  2127  120A  118A  	fcall	init_fetch0
   427  0130  0080               	movwf	0
   428  0131  0A84               	incf	4,f
   429  0132  0804               	movf	4,w
   430  0133  067D               	xorwf	btemp+-1,w
   431  0134  1903               	btfsc	3,2
   432  0135  3400               	retlw	0
   433  0136  0AFF               	incf	btemp+1,f
   434  0137  1903               	btfsc	3,2
   435  0138  0AFE               	incf	btemp,f
   436  0139  292B               	goto	init_ram0
   437                           
   438                           	psect	cstackCOMMON
   439  0077                     __pcstackCOMMON:	
   440  0077                     ?_LEDS:	
   441  0077                     ??_LEDS:	
   442                           ; 1 bytes @ 0x0
   443                           
   444  0077                     ?_REBOTE:	
   445                           ; 1 bytes @ 0x0
   446                           
   447  0077                     ??_REBOTE:	
   448                           ; 1 bytes @ 0x0
   449                           
   450  0077                     ?_setup:	
   451                           ; 1 bytes @ 0x0
   452                           
   453  0077                     ?_DISPLAY:	
   454                           ; 1 bytes @ 0x0
   455                           
   456  0077                     ?_INTERCAMBIO:	
   457                           ; 1 bytes @ 0x0
   458                           
   459  0077                     ?_BITS:	
   460                           ; 1 bytes @ 0x0
   461                           
   462  0077                     ?_ISR:	
   463                           ; 1 bytes @ 0x0
   464                           
   465  0077                     ?_main:	
   466                           ; 1 bytes @ 0x0
   467                           
   468                           
   469                           ; 1 bytes @ 0x0
   470  0077                     	ds	1
   471  0078                     ??_ISR:	
   472                           
   473                           ; 1 bytes @ 0x1
   474  0078                     	ds	2
   475  007A                     ??_setup:	
   476  007A                     ??_INTERCAMBIO:	
   477                           ; 1 bytes @ 0x3
   478                           
   479  007A                     ??_BITS:	
   480                           ; 1 bytes @ 0x3
   481                           
   482                           
   483                           ; 1 bytes @ 0x3
   484  007A                     	ds	2
   485  007C                     ??_DISPLAY:	
   486                           
   487                           ; 1 bytes @ 0x5
   488  007C                     	ds	1
   489  007D                     ??_main:	
   490                           
   491                           	psect	maintext
   492  014D                     __pmaintext:	
   493                           ; 1 bytes @ 0x6
   494 ;;
   495 ;;Main: autosize = 0, tempsize = 0, incstack = 0, save=0
   496 ;;
   497 ;; *************** function _main *****************
   498 ;; Defined at:
   499 ;;		line 60 in file "Lab2.c"
   500 ;; Parameters:    Size  Location     Type
   501 ;;		None
   502 ;; Auto vars:     Size  Location     Type
   503 ;;		None
   504 ;; Return value:  Size  Location     Type
   505 ;;                  1    wreg      void 
   506 ;; Registers used:
   507 ;;		wreg, fsr0l, fsr0h, status,2, status,0, pclath, cstack
   508 ;; Tracked objects:
   509 ;;		On entry : B00/0
   510 ;;		On exit  : 0/0
   511 ;;		Unchanged: 0/0
   512 ;; Data sizes:     COMMON   BANK0   BANK1   BANK3   BANK2
   513 ;;      Params:         0       0       0       0       0
   514 ;;      Locals:         0       0       0       0       0
   515 ;;      Temps:          0       0       0       0       0
   516 ;;      Totals:         0       0       0       0       0
   517 ;;Total ram usage:        0 bytes
   518 ;; Hardware stack levels required when called:    4
   519 ;; This function calls:
   520 ;;		_DISPLAY
   521 ;;		_INTERCAMBIO
   522 ;;		_setup
   523 ;; This function is called by:
   524 ;;		Startup code after reset
   525 ;; This function uses a non-reentrant model
   526 ;;
   527                           
   528                           
   529                           ;psect for function _main
   530  014D                     _main:	
   531  014D                     l885:	
   532                           ;incstack = 0
   533                           ; Regs used in _main: [wreg-fsr0h+status,2+status,0+pclath+cstack]
   534                           
   535                           
   536                           ;Lab2.c: 61:         setup();
   537  014D  120A  118A  2091  120A  118A  	fcall	_setup
   538  0152                     l887:	
   539                           
   540                           ;Lab2.c: 62:         DISPLAY();
   541  0152  120A  118A  2028  120A  118A  	fcall	_DISPLAY
   542  0157                     l889:	
   543                           
   544                           ;Lab2.c: 63:         INTERCAMBIO();
   545  0157  120A  118A  2107  120A  118A  	fcall	_INTERCAMBIO
   546  015C                     l53:	
   547  015C  120A  118A  280C   	ljmp	start
   548  015F                     __end_of_main:	
   549                           
   550                           	psect	text1
   551  0091                     __ptext1:	
   552 ;; *************** function _setup *****************
   553 ;; Defined at:
   554 ;;		line 3 in file "libreria.c"
   555 ;; Parameters:    Size  Location     Type
   556 ;;		None
   557 ;; Auto vars:     Size  Location     Type
   558 ;;		None
   559 ;; Return value:  Size  Location     Type
   560 ;;                  1    wreg      void 
   561 ;; Registers used:
   562 ;;		wreg, status,2, status,0
   563 ;; Tracked objects:
   564 ;;		On entry : 0/0
   565 ;;		On exit  : 0/0
   566 ;;		Unchanged: 0/0
   567 ;; Data sizes:     COMMON   BANK0   BANK1   BANK3   BANK2
   568 ;;      Params:         0       0       0       0       0
   569 ;;      Locals:         0       0       0       0       0
   570 ;;      Temps:          0       0       0       0       0
   571 ;;      Totals:         0       0       0       0       0
   572 ;;Total ram usage:        0 bytes
   573 ;; Hardware stack levels used:    1
   574 ;; Hardware stack levels required when called:    2
   575 ;; This function calls:
   576 ;;		Nothing
   577 ;; This function is called by:
   578 ;;		_main
   579 ;; This function uses a non-reentrant model
   580 ;;
   581                           
   582                           
   583                           ;psect for function _setup
   584  0091                     _setup:	
   585  0091                     l815:	
   586                           ;incstack = 0
   587                           ; Regs used in _setup: [wreg+status,2+status,0]
   588                           
   589                           
   590                           ;libreria.c: 5:     TRISA = 0;
   591  0091  1683               	bsf	3,5	;RP0=1, select bank1
   592  0092  1303               	bcf	3,6	;RP1=0, select bank1
   593  0093  0185               	clrf	5	;volatile
   594                           
   595                           ;libreria.c: 6:     TRISC = 0;
   596  0094  0187               	clrf	7	;volatile
   597                           
   598                           ;libreria.c: 7:     TRISD = 0;
   599  0095  0188               	clrf	8	;volatile
   600  0096                     l817:	
   601                           
   602                           ;libreria.c: 8:     TRISB = 0xE0;
   603  0096  30E0               	movlw	224
   604  0097  0086               	movwf	6	;volatile
   605  0098                     l819:	
   606                           
   607                           ;libreria.c: 9:     ANSEL = 0;
   608  0098  1683               	bsf	3,5	;RP0=1, select bank3
   609  0099  1703               	bsf	3,6	;RP1=1, select bank3
   610  009A  0188               	clrf	8	;volatile
   611                           
   612                           ;libreria.c: 10:     ANSELH = 0x20;
   613  009B  3020               	movlw	32
   614  009C  0089               	movwf	9	;volatile
   615  009D                     l821:	
   616                           
   617                           ;libreria.c: 11:     OSCCONbits.IRCF = 0b111;
   618  009D  3070               	movlw	112
   619  009E  1683               	bsf	3,5	;RP0=1, select bank1
   620  009F  1303               	bcf	3,6	;RP1=0, select bank1
   621  00A0  048F               	iorwf	15,f	;volatile
   622  00A1                     l823:	
   623                           
   624                           ;libreria.c: 15:     ADCON0 = 0x35;
   625  00A1  3035               	movlw	53
   626  00A2  1283               	bcf	3,5	;RP0=0, select bank0
   627  00A3  1303               	bcf	3,6	;RP1=0, select bank0
   628  00A4  009F               	movwf	31	;volatile
   629  00A5                     l825:	
   630                           
   631                           ;libreria.c: 16:     ADCON1 = 0x00;
   632  00A5  1683               	bsf	3,5	;RP0=1, select bank1
   633  00A6  1303               	bcf	3,6	;RP1=0, select bank1
   634  00A7  019F               	clrf	31	;volatile
   635  00A8                     l827:	
   636                           
   637                           ;libreria.c: 19:     INTCON = 0xE8;
   638  00A8  30E8               	movlw	232
   639  00A9  008B               	movwf	11	;volatile
   640  00AA                     l829:	
   641                           
   642                           ;libreria.c: 20:     PIE1bits.ADIE = 1;
   643  00AA  170C               	bsf	12,6	;volatile
   644  00AB                     l831:	
   645                           
   646                           ;libreria.c: 21:     PIR1bits.ADIF = 0;
   647  00AB  1283               	bcf	3,5	;RP0=0, select bank0
   648  00AC  1303               	bcf	3,6	;RP1=0, select bank0
   649  00AD  130C               	bcf	12,6	;volatile
   650  00AE                     l833:	
   651                           
   652                           ;libreria.c: 22:     IOCB = 0xC0;
   653  00AE  30C0               	movlw	192
   654  00AF  1683               	bsf	3,5	;RP0=1, select bank1
   655  00B0  1303               	bcf	3,6	;RP1=0, select bank1
   656  00B1  0096               	movwf	22	;volatile
   657  00B2                     l835:	
   658                           
   659                           ;libreria.c: 23:     OPTION_REG = 0x80;
   660  00B2  3080               	movlw	128
   661  00B3  0081               	movwf	1	;volatile
   662  00B4                     l837:	
   663                           
   664                           ;libreria.c: 24:     TMR0 = 2;
   665  00B4  3002               	movlw	2
   666  00B5  1283               	bcf	3,5	;RP0=0, select bank0
   667  00B6  1303               	bcf	3,6	;RP1=0, select bank0
   668  00B7  0081               	movwf	1	;volatile
   669  00B8                     l839:	
   670                           
   671                           ;libreria.c: 25:     PORTC =0;
   672  00B8  0187               	clrf	7	;volatile
   673  00B9                     l841:	
   674                           
   675                           ;libreria.c: 26:     n1 = 0;
   676  00B9  01F3               	clrf	_n1
   677  00BA                     l843:	
   678                           
   679                           ;libreria.c: 27:     n2 = 0;
   680  00BA  01F2               	clrf	_n2
   681  00BB                     l122:	
   682  00BB  0008               	return
   683  00BC                     __end_of_setup:	
   684                           
   685                           	psect	text2
   686  0028                     __ptext2:	
   687 ;; *************** function _DISPLAY *****************
   688 ;; Defined at:
   689 ;;		line 54 in file "libreria.c"
   690 ;; Parameters:    Size  Location     Type
   691 ;;		None
   692 ;; Auto vars:     Size  Location     Type
   693 ;;		None
   694 ;; Return value:  Size  Location     Type
   695 ;;                  1    wreg      void 
   696 ;; Registers used:
   697 ;;		wreg, fsr0l, fsr0h, status,2, status,0, pclath, cstack
   698 ;; Tracked objects:
   699 ;;		On entry : 0/0
   700 ;;		On exit  : 0/0
   701 ;;		Unchanged: 0/0
   702 ;; Data sizes:     COMMON   BANK0   BANK1   BANK3   BANK2
   703 ;;      Params:         0       0       0       0       0
   704 ;;      Locals:         0       0       0       0       0
   705 ;;      Temps:          1       0       0       0       0
   706 ;;      Totals:         1       0       0       0       0
   707 ;;Total ram usage:        1 bytes
   708 ;; Hardware stack levels used:    1
   709 ;; Hardware stack levels required when called:    3
   710 ;; This function calls:
   711 ;;		_BITS
   712 ;;		_INTERCAMBIO
   713 ;; This function is called by:
   714 ;;		_main
   715 ;; This function uses a non-reentrant model
   716 ;;
   717                           
   718                           
   719                           ;psect for function _DISPLAY
   720  0028                     _DISPLAY:	
   721  0028                     l132:	
   722                           ;incstack = 0
   723                           ; Regs used in _DISPLAY: [wreg-fsr0h+status,2+status,0+pclath+cstack]
   724                           ;libreria.c: 55:     while(1){
   725                           
   726  0028                     l845:	
   727                           
   728                           ;libreria.c: 56:         if(COMP > sum){
   729  0028  0870               	movf	_COMP,w
   730  0029  0274               	subwf	_sum,w
   731  002A  1803               	skipnc
   732  002B  282D               	goto	u111
   733  002C  282E               	goto	u110
   734  002D                     u111:	
   735  002D  2832               	goto	l133
   736  002E                     u110:	
   737  002E                     l847:	
   738                           
   739                           ;libreria.c: 57:             PORTDbits.RD0 = 1;
   740  002E  1283               	bcf	3,5	;RP0=0, select bank0
   741  002F  1303               	bcf	3,6	;RP1=0, select bank0
   742  0030  1408               	bsf	8,0	;volatile
   743                           
   744                           ;libreria.c: 58:         }
   745  0031  2835               	goto	l849
   746  0032                     l133:	
   747                           ;libreria.c: 59:         else{
   748                           
   749                           
   750                           ;libreria.c: 60:             PORTDbits.RD0 = 0;
   751  0032  1283               	bcf	3,5	;RP0=0, select bank0
   752  0033  1303               	bcf	3,6	;RP1=0, select bank0
   753  0034  1008               	bcf	8,0	;volatile
   754  0035                     l849:	
   755                           
   756                           ;libreria.c: 62:         _delay((unsigned long)((1)*(4000000/4000.0)));
   757  0035  30C7               	movlw	199
   758  0036  00FC               	movwf	??_DISPLAY
   759  0037                     u167:	
   760  0037  2838               	nop2
   761  0038  0BFC               	decfsz	??_DISPLAY,f
   762  0039  2837               	goto	u167
   763  003A  283B               	nop2
   764  003B  283C               	nop2
   765  003C                     l851:	
   766                           
   767                           ;libreria.c: 63:         if (ADCON0bits.GO_DONE == 0){
   768  003C  1283               	bcf	3,5	;RP0=0, select bank0
   769  003D  1303               	bcf	3,6	;RP1=0, select bank0
   770  003E  189F               	btfsc	31,1	;volatile
   771  003F  2841               	goto	u121
   772  0040  2842               	goto	u120
   773  0041                     u121:	
   774  0041  284F               	goto	l859
   775  0042                     u120:	
   776  0042                     l853:	
   777                           
   778                           ;libreria.c: 64:         BITS();
   779  0042  120A  118A  213A  120A  118A  	fcall	_BITS
   780  0047                     l855:	
   781                           
   782                           ;libreria.c: 65:         INTERCAMBIO();
   783  0047  120A  118A  2107  120A  118A  	fcall	_INTERCAMBIO
   784  004C                     l857:	
   785                           
   786                           ;libreria.c: 66:         ADCON0bits.GO_DONE = 1;
   787  004C  1283               	bcf	3,5	;RP0=0, select bank0
   788  004D  1303               	bcf	3,6	;RP1=0, select bank0
   789  004E  149F               	bsf	31,1	;volatile
   790  004F                     l859:	
   791                           
   792                           ;libreria.c: 68:         n1 = ADRESH;
   793  004F  081E               	movf	30,w	;volatile
   794  0050  00FC               	movwf	??_DISPLAY
   795  0051  087C               	movf	??_DISPLAY,w
   796  0052  00F3               	movwf	_n1
   797  0053                     l861:	
   798                           
   799                           ;libreria.c: 69:         n2 = ADRESH;
   800  0053  081E               	movf	30,w	;volatile
   801  0054  00FC               	movwf	??_DISPLAY
   802  0055  087C               	movf	??_DISPLAY,w
   803  0056  00F2               	movwf	_n2
   804  0057                     l863:	
   805                           
   806                           ;libreria.c: 70:         COMP = ADRESH;
   807  0057  081E               	movf	30,w	;volatile
   808  0058  00FC               	movwf	??_DISPLAY
   809  0059  087C               	movf	??_DISPLAY,w
   810  005A  00F0               	movwf	_COMP
   811  005B  2828               	goto	l132
   812  005C  0008               	return
   813  005D                     __end_of_DISPLAY:	
   814                           
   815                           	psect	text3
   816  0107                     __ptext3:	
   817 ;; *************** function _INTERCAMBIO *****************
   818 ;; Defined at:
   819 ;;		line 83 in file "libreria.c"
   820 ;; Parameters:    Size  Location     Type
   821 ;;		None
   822 ;; Auto vars:     Size  Location     Type
   823 ;;		None
   824 ;; Return value:  Size  Location     Type
   825 ;;                  1    wreg      void 
   826 ;; Registers used:
   827 ;;		wreg, fsr0l, fsr0h, status,2, status,0
   828 ;; Tracked objects:
   829 ;;		On entry : 0/0
   830 ;;		On exit  : 0/0
   831 ;;		Unchanged: 0/0
   832 ;; Data sizes:     COMMON   BANK0   BANK1   BANK3   BANK2
   833 ;;      Params:         0       0       0       0       0
   834 ;;      Locals:         0       0       0       0       0
   835 ;;      Temps:          0       0       0       0       0
   836 ;;      Totals:         0       0       0       0       0
   837 ;;Total ram usage:        0 bytes
   838 ;; Hardware stack levels used:    1
   839 ;; Hardware stack levels required when called:    2
   840 ;; This function calls:
   841 ;;		Nothing
   842 ;; This function is called by:
   843 ;;		_main
   844 ;;		_DISPLAY
   845 ;; This function uses a non-reentrant model
   846 ;;
   847                           
   848                           
   849                           ;psect for function _INTERCAMBIO
   850  0107                     _INTERCAMBIO:	
   851  0107                     l743:	
   852                           ;incstack = 0
   853                           ; Regs used in _INTERCAMBIO: [wreg-fsr0h+status,2+status,0]
   854                           
   855                           
   856                           ;libreria.c: 84:     if(change == 1){
   857  0107  0371               	decf	_change,w
   858  0108  1D03               	btfss	3,2
   859  0109  290B               	goto	u11
   860  010A  290C               	goto	u10
   861  010B                     u11:	
   862  010B  2917               	goto	l753
   863  010C                     u10:	
   864  010C                     l745:	
   865                           
   866                           ;libreria.c: 85:         PORTC = SEGMENTO1 [n1];
   867  010C  0873               	movf	_n1,w
   868  010D  3E30               	addlw	(low (_SEGMENTO1| 0))& (0+255)
   869  010E  0084               	movwf	4
   870  010F  1383               	bcf	3,7	;select IRP bank0
   871  0110  0800               	movf	0,w
   872  0111  1283               	bcf	3,5	;RP0=0, select bank0
   873  0112  1303               	bcf	3,6	;RP1=0, select bank0
   874  0113  0087               	movwf	7	;volatile
   875  0114                     l747:	
   876                           
   877                           ;libreria.c: 86:         PORTDbits.RD3 = 1;
   878  0114  1588               	bsf	8,3	;volatile
   879  0115                     l749:	
   880                           
   881                           ;libreria.c: 87:         PORTDbits.RD2 = 0;
   882  0115  1108               	bcf	8,2	;volatile
   883  0116  2926               	goto	l147
   884  0117                     l753:	
   885                           
   886                           ;libreria.c: 90:     if(change == 0){
   887  0117  0871               	movf	_change,w
   888  0118  1D03               	btfss	3,2
   889  0119  291B               	goto	u21
   890  011A  291C               	goto	u20
   891  011B                     u21:	
   892  011B  2926               	goto	l147
   893  011C                     u20:	
   894  011C                     l755:	
   895                           
   896                           ;libreria.c: 92:         PORTC = SEGMENTO2 [n2];
   897  011C  0872               	movf	_n2,w
   898  011D  3E20               	addlw	(low (_SEGMENTO2| 0))& (0+255)
   899  011E  0084               	movwf	4
   900  011F  1383               	bcf	3,7	;select IRP bank0
   901  0120  0800               	movf	0,w
   902  0121  1283               	bcf	3,5	;RP0=0, select bank0
   903  0122  1303               	bcf	3,6	;RP1=0, select bank0
   904  0123  0087               	movwf	7	;volatile
   905  0124                     l757:	
   906                           
   907                           ;libreria.c: 93:         PORTDbits.RD3 = 0;
   908  0124  1188               	bcf	8,3	;volatile
   909  0125                     l759:	
   910                           
   911                           ;libreria.c: 94:         PORTDbits.RD2 = 1;
   912  0125  1508               	bsf	8,2	;volatile
   913  0126                     l147:	
   914  0126  0008               	return
   915  0127                     __end_of_INTERCAMBIO:	
   916                           
   917                           	psect	text4
   918  013A                     __ptext4:	
   919 ;; *************** function _BITS *****************
   920 ;; Defined at:
   921 ;;		line 98 in file "libreria.c"
   922 ;; Parameters:    Size  Location     Type
   923 ;;		None
   924 ;; Auto vars:     Size  Location     Type
   925 ;;		None
   926 ;; Return value:  Size  Location     Type
   927 ;;                  1    wreg      void 
   928 ;; Registers used:
   929 ;;		wreg, status,2, status,0
   930 ;; Tracked objects:
   931 ;;		On entry : 0/0
   932 ;;		On exit  : 0/0
   933 ;;		Unchanged: 0/0
   934 ;; Data sizes:     COMMON   BANK0   BANK1   BANK3   BANK2
   935 ;;      Params:         0       0       0       0       0
   936 ;;      Locals:         0       0       0       0       0
   937 ;;      Temps:          2       0       0       0       0
   938 ;;      Totals:         2       0       0       0       0
   939 ;;Total ram usage:        2 bytes
   940 ;; Hardware stack levels used:    1
   941 ;; Hardware stack levels required when called:    2
   942 ;; This function calls:
   943 ;;		Nothing
   944 ;; This function is called by:
   945 ;;		_DISPLAY
   946 ;; This function uses a non-reentrant model
   947 ;;
   948                           
   949                           
   950                           ;psect for function _BITS
   951  013A                     _BITS:	
   952  013A                     l763:	
   953                           ;incstack = 0
   954                           ; Regs used in _BITS: [wreg+status,2+status,0]
   955                           
   956                           
   957                           ;libreria.c: 99:     n1 = n1 & 0x0F;
   958  013A  0873               	movf	_n1,w
   959  013B  390F               	andlw	15
   960  013C  00FA               	movwf	??_BITS
   961  013D  087A               	movf	??_BITS,w
   962  013E  00F3               	movwf	_n1
   963  013F                     l765:	
   964                           
   965                           ;libreria.c: 100:     n2 = ((n2 & 0xF0)>>4);
   966  013F  0872               	movf	_n2,w
   967  0140  00FA               	movwf	??_BITS
   968  0141  3004               	movlw	4
   969  0142                     u35:	
   970  0142  1003               	clrc
   971  0143  0CFA               	rrf	??_BITS,f
   972  0144  3EFF               	addlw	-1
   973  0145  1D03               	skipz
   974  0146  2942               	goto	u35
   975  0147  087A               	movf	??_BITS,w
   976  0148  390F               	andlw	15
   977  0149  00FB               	movwf	??_BITS+1
   978  014A  087B               	movf	??_BITS+1,w
   979  014B  00F2               	movwf	_n2
   980  014C                     l151:	
   981  014C  0008               	return
   982  014D                     __end_of_BITS:	
   983                           
   984                           	psect	text5
   985  00BC                     __ptext5:	
   986 ;; *************** function _ISR *****************
   987 ;; Defined at:
   988 ;;		line 39 in file "Lab2.c"
   989 ;; Parameters:    Size  Location     Type
   990 ;;		None
   991 ;; Auto vars:     Size  Location     Type
   992 ;;		None
   993 ;; Return value:  Size  Location     Type
   994 ;;                  1    wreg      void 
   995 ;; Registers used:
   996 ;;		wreg, status,2, status,0, pclath, cstack
   997 ;; Tracked objects:
   998 ;;		On entry : 0/0
   999 ;;		On exit  : 0/0
  1000 ;;		Unchanged: 0/0
  1001 ;; Data sizes:     COMMON   BANK0   BANK1   BANK3   BANK2
  1002 ;;      Params:         0       0       0       0       0
  1003 ;;      Locals:         0       0       0       0       0
  1004 ;;      Temps:          2       0       0       0       0
  1005 ;;      Totals:         2       0       0       0       0
  1006 ;;Total ram usage:        2 bytes
  1007 ;; Hardware stack levels used:    1
  1008 ;; Hardware stack levels required when called:    1
  1009 ;; This function calls:
  1010 ;;		_LEDS
  1011 ;;		_REBOTE
  1012 ;; This function is called by:
  1013 ;;		Interrupt level 1
  1014 ;; This function uses a non-reentrant model
  1015 ;;
  1016                           
  1017                           
  1018                           ;psect for function _ISR
  1019  00BC                     _ISR:	
  1020  00BC                     i1l865:	
  1021                           
  1022                           ;Lab2.c: 41:     if(RBIF==1){
  1023  00BC  1C0B               	btfss	11,0	;volatile
  1024  00BD  28BF               	goto	u13_21
  1025  00BE  28C0               	goto	u13_20
  1026  00BF                     u13_21:	
  1027  00BF  28C8               	goto	i1l45
  1028  00C0                     u13_20:	
  1029  00C0                     i1l867:	
  1030                           
  1031                           ;Lab2.c: 42:         RBIF= 0;
  1032  00C0  100B               	bcf	11,0	;volatile
  1033                           
  1034                           ;Lab2.c: 43:         (INTCONbits.GIE = 0);
  1035  00C1  138B               	bcf	11,7	;volatile
  1036  00C2                     i1l869:	
  1037                           
  1038                           ;Lab2.c: 44:         LEDS();
  1039  00C2  120A  118A  205D  120A  118A  	fcall	_LEDS
  1040  00C7  28E0               	goto	i1l46
  1041  00C8                     i1l45:	
  1042                           ;Lab2.c: 46:     }
  1043                           
  1044                           
  1045                           ;Lab2.c: 47:     if(ADIF ==1) {
  1046  00C8  1283               	bcf	3,5	;RP0=0, select bank0
  1047  00C9  1303               	bcf	3,6	;RP1=0, select bank0
  1048  00CA  1F0C               	btfss	12,6	;volatile
  1049  00CB  28CD               	goto	u14_21
  1050  00CC  28CE               	goto	u14_20
  1051  00CD                     u14_21:	
  1052  00CD  28D0               	goto	i1l47
  1053  00CE                     u14_20:	
  1054  00CE                     i1l873:	
  1055                           
  1056                           ;Lab2.c: 48:         ADIF = 0;
  1057  00CE  130C               	bcf	12,6	;volatile
  1058                           
  1059                           ;Lab2.c: 49:         return;
  1060  00CF  28E0               	goto	i1l46
  1061  00D0                     i1l47:	
  1062                           ;Lab2.c: 50:     }
  1063                           
  1064                           
  1065                           ;Lab2.c: 51:     if (T0IF==1){
  1066  00D0  1D0B               	btfss	11,2	;volatile
  1067  00D1  28D3               	goto	u15_21
  1068  00D2  28D4               	goto	u15_20
  1069  00D3                     u15_21:	
  1070  00D3  28E0               	goto	i1l46
  1071  00D4                     u15_20:	
  1072  00D4                     i1l875:	
  1073                           
  1074                           ;Lab2.c: 52:         REBOTE();
  1075  00D4  120A  118A  215F  120A  118A  	fcall	_REBOTE
  1076  00D9                     i1l877:	
  1077                           
  1078                           ;Lab2.c: 53:         T0IF=0;
  1079  00D9  110B               	bcf	11,2	;volatile
  1080  00DA                     i1l879:	
  1081                           
  1082                           ;Lab2.c: 54:         TMR0=2;
  1083  00DA  3002               	movlw	2
  1084  00DB  1283               	bcf	3,5	;RP0=0, select bank0
  1085  00DC  1303               	bcf	3,6	;RP1=0, select bank0
  1086  00DD  0081               	movwf	1	;volatile
  1087  00DE                     i1l881:	
  1088                           
  1089                           ;Lab2.c: 55:         PORTA = sum;
  1090  00DE  0874               	movf	_sum,w
  1091  00DF  0085               	movwf	5	;volatile
  1092  00E0                     i1l46:	
  1093  00E0  0879               	movf	??_ISR+1,w
  1094  00E1  008A               	movwf	10
  1095  00E2  0E78               	swapf	??_ISR^(0+4294967168),w
  1096  00E3  0083               	movwf	3
  1097  00E4  0EFE               	swapf	btemp,f
  1098  00E5  0E7E               	swapf	btemp,w
  1099  00E6  0009               	retfie
  1100  00E7                     __end_of_ISR:	
  1101                           
  1102                           	psect	intentry
  1103  0004                     __pintentry:	
  1104                           ;incstack = 0
  1105                           ; Regs used in _ISR: [wreg+status,2+status,0+pclath+cstack]
  1106                           
  1107  0004                     interrupt_function:	
  1108  007E                     saved_w	set	btemp
  1109  0004  00FE               	movwf	btemp
  1110  0005  0E03               	swapf	3,w
  1111  0006  00F8               	movwf	??_ISR
  1112  0007  080A               	movf	10,w
  1113  0008  00F9               	movwf	??_ISR+1
  1114  0009  120A  118A  28BC   	ljmp	_ISR
  1115                           
  1116                           	psect	text6
  1117  015F                     __ptext6:	
  1118 ;; *************** function _REBOTE *****************
  1119 ;; Defined at:
  1120 ;;		line 73 in file "libreria.c"
  1121 ;; Parameters:    Size  Location     Type
  1122 ;;		None
  1123 ;; Auto vars:     Size  Location     Type
  1124 ;;		None
  1125 ;; Return value:  Size  Location     Type
  1126 ;;                  1    wreg      void 
  1127 ;; Registers used:
  1128 ;;		wreg, status,2, status,0
  1129 ;; Tracked objects:
  1130 ;;		On entry : 0/0
  1131 ;;		On exit  : 0/0
  1132 ;;		Unchanged: 0/0
  1133 ;; Data sizes:     COMMON   BANK0   BANK1   BANK3   BANK2
  1134 ;;      Params:         0       0       0       0       0
  1135 ;;      Locals:         0       0       0       0       0
  1136 ;;      Temps:          0       0       0       0       0
  1137 ;;      Totals:         0       0       0       0       0
  1138 ;;Total ram usage:        0 bytes
  1139 ;; Hardware stack levels used:    1
  1140 ;; This function calls:
  1141 ;;		Nothing
  1142 ;; This function is called by:
  1143 ;;		_ISR
  1144 ;; This function uses a non-reentrant model
  1145 ;;
  1146                           
  1147                           
  1148                           ;psect for function _REBOTE
  1149  015F                     _REBOTE:	
  1150  015F                     i1l807:	
  1151                           ;incstack = 0
  1152                           ; Regs used in _REBOTE: [wreg+status,2+status,0]
  1153                           
  1154                           
  1155                           ;libreria.c: 74:     if(change == 1){
  1156  015F  0371               	decf	_change,w
  1157  0160  1D03               	btfss	3,2
  1158  0161  2963               	goto	u10_21
  1159  0162  2964               	goto	u10_20
  1160  0163                     u10_21:	
  1161  0163  2966               	goto	i1l141
  1162  0164                     u10_20:	
  1163  0164                     i1l809:	
  1164                           
  1165                           ;libreria.c: 75:         change = 0;
  1166  0164  01F1               	clrf	_change
  1167  0165  2968               	goto	i1l142
  1168  0166                     i1l141:	
  1169                           ;libreria.c: 78:     else{
  1170                           
  1171                           
  1172                           ;libreria.c: 79:         change = 1;
  1173  0166  01F1               	clrf	_change
  1174  0167  0AF1               	incf	_change,f
  1175  0168                     i1l142:	
  1176                           ;libreria.c: 80:         return;
  1177                           
  1178  0168  0008               	return
  1179  0169                     __end_of_REBOTE:	
  1180                           
  1181                           	psect	text7
  1182  005D                     __ptext7:	
  1183 ;; *************** function _LEDS *****************
  1184 ;; Defined at:
  1185 ;;		line 30 in file "libreria.c"
  1186 ;; Parameters:    Size  Location     Type
  1187 ;;		None
  1188 ;; Auto vars:     Size  Location     Type
  1189 ;;		None
  1190 ;; Return value:  Size  Location     Type
  1191 ;;                  1    wreg      void 
  1192 ;; Registers used:
  1193 ;;		wreg, status,2, status,0
  1194 ;; Tracked objects:
  1195 ;;		On entry : 0/0
  1196 ;;		On exit  : 0/0
  1197 ;;		Unchanged: 0/0
  1198 ;; Data sizes:     COMMON   BANK0   BANK1   BANK3   BANK2
  1199 ;;      Params:         0       0       0       0       0
  1200 ;;      Locals:         0       0       0       0       0
  1201 ;;      Temps:          1       0       0       0       0
  1202 ;;      Totals:         1       0       0       0       0
  1203 ;;Total ram usage:        1 bytes
  1204 ;; Hardware stack levels used:    1
  1205 ;; This function calls:
  1206 ;;		Nothing
  1207 ;; This function is called by:
  1208 ;;		_ISR
  1209 ;; This function uses a non-reentrant model
  1210 ;;
  1211                           
  1212                           
  1213                           ;psect for function _LEDS
  1214  005D                     _LEDS:	
  1215  005D                     i1l769:	
  1216                           ;incstack = 0
  1217                           ; Regs used in _LEDS: [wreg+status,2+status,0]
  1218                           
  1219                           
  1220                           ;libreria.c: 31:     if(PORTBbits.RB7==1){
  1221  005D  1283               	bcf	3,5	;RP0=0, select bank0
  1222  005E  1303               	bcf	3,6	;RP1=0, select bank0
  1223  005F  1F86               	btfss	6,7	;volatile
  1224  0060  2862               	goto	u4_21
  1225  0061  2863               	goto	u4_20
  1226  0062                     u4_21:	
  1227  0062  2867               	goto	i1l777
  1228  0063                     u4_20:	
  1229  0063                     i1l771:	
  1230                           
  1231                           ;libreria.c: 32:         ESTADOS =1;
  1232  0063  01F6               	clrf	_ESTADOS
  1233  0064  0AF6               	incf	_ESTADOS,f
  1234  0065                     i1l773:	
  1235                           
  1236                           ;libreria.c: 33:         ESTADOR= 0;
  1237  0065  01F5               	clrf	_ESTADOR
  1238  0066                     i1l775:	
  1239                           
  1240                           ;libreria.c: 34:         (INTCONbits.GIE = 0);
  1241  0066  138B               	bcf	11,7	;volatile
  1242  0067                     i1l777:	
  1243                           
  1244                           ;libreria.c: 36:     if(PORTBbits.RB7==0 && ESTADOS == 1){
  1245  0067  1B86               	btfsc	6,7	;volatile
  1246  0068  286A               	goto	u5_21
  1247  0069  286B               	goto	u5_20
  1248  006A                     u5_21:	
  1249  006A  2878               	goto	i1l126
  1250  006B                     u5_20:	
  1251  006B                     i1l779:	
  1252  006B  0376               	decf	_ESTADOS,w
  1253  006C  1D03               	btfss	3,2
  1254  006D  286F               	goto	u6_21
  1255  006E  2870               	goto	u6_20
  1256  006F                     u6_21:	
  1257  006F  2878               	goto	i1l126
  1258  0070                     u6_20:	
  1259  0070                     i1l781:	
  1260                           
  1261                           ;libreria.c: 37:         sum=sum+1;
  1262  0070  0874               	movf	_sum,w
  1263  0071  3E01               	addlw	1
  1264  0072  00F7               	movwf	??_LEDS
  1265  0073  0877               	movf	??_LEDS,w
  1266  0074  00F4               	movwf	_sum
  1267  0075                     i1l783:	
  1268                           
  1269                           ;libreria.c: 38:         ESTADOS=0;
  1270  0075  01F6               	clrf	_ESTADOS
  1271  0076                     i1l785:	
  1272                           
  1273                           ;libreria.c: 39:         (INTCONbits.GIE = 1);
  1274  0076  178B               	bsf	11,7	;volatile
  1275  0077  2890               	goto	i1l127
  1276  0078                     i1l126:	
  1277                           ;libreria.c: 41:         }
  1278                           
  1279                           
  1280                           ;libreria.c: 42:     if(PORTBbits.RB6==1){
  1281  0078  1F06               	btfss	6,6	;volatile
  1282  0079  287B               	goto	u7_21
  1283  007A  287C               	goto	u7_20
  1284  007B                     u7_21:	
  1285  007B  2880               	goto	i1l795
  1286  007C                     u7_20:	
  1287  007C                     i1l789:	
  1288                           
  1289                           ;libreria.c: 43:         ESTADOS=0;
  1290  007C  01F6               	clrf	_ESTADOS
  1291  007D                     i1l791:	
  1292                           
  1293                           ;libreria.c: 44:         ESTADOR=1;
  1294  007D  01F5               	clrf	_ESTADOR
  1295  007E  0AF5               	incf	_ESTADOR,f
  1296  007F                     i1l793:	
  1297                           
  1298                           ;libreria.c: 45:         (INTCONbits.GIE = 0);
  1299  007F  138B               	bcf	11,7	;volatile
  1300  0080                     i1l795:	
  1301                           
  1302                           ;libreria.c: 47:     if(PORTBbits.RB6==0 && ESTADOR ==1){
  1303  0080  1B06               	btfsc	6,6	;volatile
  1304  0081  2883               	goto	u8_21
  1305  0082  2884               	goto	u8_20
  1306  0083                     u8_21:	
  1307  0083  2890               	goto	i1l127
  1308  0084                     u8_20:	
  1309  0084                     i1l797:	
  1310  0084  0375               	decf	_ESTADOR,w
  1311  0085  1D03               	btfss	3,2
  1312  0086  2888               	goto	u9_21
  1313  0087  2889               	goto	u9_20
  1314  0088                     u9_21:	
  1315  0088  2890               	goto	i1l127
  1316  0089                     u9_20:	
  1317  0089                     i1l799:	
  1318                           
  1319                           ;libreria.c: 48:         ESTADOR = 0;
  1320  0089  01F5               	clrf	_ESTADOR
  1321  008A                     i1l801:	
  1322                           
  1323                           ;libreria.c: 49:         sum = sum-1;
  1324  008A  0874               	movf	_sum,w
  1325  008B  3EFF               	addlw	255
  1326  008C  00F7               	movwf	??_LEDS
  1327  008D  0877               	movf	??_LEDS,w
  1328  008E  00F4               	movwf	_sum
  1329  008F                     i1l803:	
  1330                           
  1331                           ;libreria.c: 50:         (INTCONbits.GIE = 1);
  1332  008F  178B               	bsf	11,7	;volatile
  1333  0090                     i1l127:	
  1334  0090  0008               	return
  1335  0091                     __end_of_LEDS:	
  1336  007E                     btemp	set	126	;btemp
  1337  007E                     wtemp0	set	126


Data Sizes:
    Strings     0
    Constant    0
    Data        32
    BSS         7
    Persistent  0
    Stack       0

Auto Spaces:
    Space          Size  Autos    Used
    COMMON           14      6      13
    BANK0            80      0      32
    BANK1            80      0       0
    BANK3            96      0       0
    BANK2            96      0       0

Pointer List with Targets:

    None.

Critical Paths under _main in COMMON

    _main->_DISPLAY
    _DISPLAY->_BITS

Critical Paths under _ISR in COMMON

    _ISR->_LEDS

Critical Paths under _main in BANK0

    None.

Critical Paths under _ISR in BANK0

    None.

Critical Paths under _main in BANK1

    None.

Critical Paths under _ISR in BANK1

    None.

Critical Paths under _main in BANK3

    None.

Critical Paths under _ISR in BANK3

    None.

Critical Paths under _main in BANK2

    None.

Critical Paths under _ISR in BANK2

    None.

Call Graph Tables:

 ---------------------------------------------------------------------------------
 (Depth) Function   	        Calls       Base Space   Used Autos Params    Refs
 ---------------------------------------------------------------------------------
 (0) _main                                                 0     0      0       0
                            _DISPLAY
                        _INTERCAMBIO
                              _setup
 ---------------------------------------------------------------------------------
 (1) _setup                                                0     0      0       0
 ---------------------------------------------------------------------------------
 (1) _DISPLAY                                              1     1      0       0
                                              5 COMMON     1     1      0
                               _BITS
                        _INTERCAMBIO
 ---------------------------------------------------------------------------------
 (1) _INTERCAMBIO                                          0     0      0       0
 ---------------------------------------------------------------------------------
 (2) _BITS                                                 2     2      0       0
                                              3 COMMON     2     2      0
 ---------------------------------------------------------------------------------
 Estimated maximum stack depth 2
 ---------------------------------------------------------------------------------
 (Depth) Function   	        Calls       Base Space   Used Autos Params    Refs
 ---------------------------------------------------------------------------------
 (3) _ISR                                                  2     2      0       0
                                              1 COMMON     2     2      0
                               _LEDS
                             _REBOTE
 ---------------------------------------------------------------------------------
 (4) _REBOTE                                               0     0      0       0
 ---------------------------------------------------------------------------------
 (4) _LEDS                                                 1     1      0       0
                                              0 COMMON     1     1      0
 ---------------------------------------------------------------------------------
 Estimated maximum stack depth 4
 ---------------------------------------------------------------------------------

 Call Graph Graphs:

 _main (ROOT)
   _DISPLAY
     _BITS
     _INTERCAMBIO
   _INTERCAMBIO
   _setup

 _ISR (ROOT)
   _LEDS
   _REBOTE

 Address spaces:
Name               Size   Autos  Total    Cost      Usage
BANK3               60      0       0       9        0.0%
BITBANK3            60      0       0       8        0.0%
SFR3                 0      0       0       4        0.0%
BITSFR3              0      0       0       4        0.0%
BANK2               60      0       0      11        0.0%
BITBANK2            60      0       0      10        0.0%
SFR2                 0      0       0       5        0.0%
BITSFR2              0      0       0       5        0.0%
BANK1               50      0       0       7        0.0%
BITBANK1            50      0       0       6        0.0%
SFR1                 0      0       0       2        0.0%
BITSFR1              0      0       0       2        0.0%
BANK0               50      0      20       5       40.0%
BITBANK0            50      0       0       4        0.0%
SFR0                 0      0       0       1        0.0%
BITSFR0              0      0       0       1        0.0%
COMMON               E      6       D       1       92.9%
BITCOMMON            E      0       0       0        0.0%
CODE                 0      0       0       0        0.0%
DATA                 0      0      2D      12        0.0%
ABS                  0      0      2D       3        0.0%
NULL                 0      0       0       0        0.0%
STACK                0      0       0       2        0.0%
EEDATA             100      0       0       0        0.0%


Microchip Technology PIC Macro Assembler V2.10 build 88905656 
Symbol Table                                                                                   Thu Feb 06 12:59:54 2020

                       pc 0002               __CFG_CP$OFF 0000                        l53 015C  
                      u10 010C                        u11 010B                        u20 011C  
                      u21 011B                        u35 0142                        _n1 0073  
                      _n2 0072                        fsr 0004                       l122 00BB  
                     l132 0028                       l133 0032                       l151 014C  
                     l147 0126                       l821 009D                       l743 0107  
                     l831 00AB                       l823 00A1                       l815 0091  
                     l745 010C                       l753 0117                       l841 00B9  
                     l833 00AE                       l825 00A5                       l817 0096  
                     l763 013A                       l755 011C                       l747 0114  
                     l851 003C                       l843 00BA                       l835 00B2  
                     l827 00A8                       l819 0098                       l765 013F  
                     l757 0124                       l749 0115                       l861 0053  
                     l853 0042                       l845 0028                       l837 00B4  
                     l829 00AA                       l759 0125                       l863 0057  
                     l855 0047                       l847 002E                       l839 00B8  
                     l857 004C                       l849 0035                       l859 004F  
                     l885 014D                       l887 0152                       l889 0157  
                     u110 002E                       u111 002D                       u120 0042  
                     u121 0041                       u167 0037              __CFG_CPD$OFF 0000  
                     _ISR 00BC                       fsr0 0004                       _sum 0074  
                     indf 0000           __end_of_DISPLAY 005D              ?_INTERCAMBIO 0077  
            __CFG_LVP$OFF 0000                      ?_ISR 0077                      _ADIF 0066  
                    _BITS 013A                      _T0IF 005A                      _COMP 0070  
                    _IOCB 0096                      _LEDS 005D                      _RBIF 0058  
                    i1l45 00C8                      i1l46 00E0                      i1l47 00D0  
                    _TMR0 0001                      u4_20 0063                      u4_21 0062  
                    u5_20 006B                      u5_21 006A                      u6_20 0070  
                    u6_21 006F                      u7_20 007C                      u7_21 007B  
                    u8_20 0084                      u8_21 0083                      u9_20 0089  
                    u9_21 0088              __CFG_WRT$OFF 0000                      _main 014D  
                    btemp 007E                      start 000C             __CFG_IESO$OFF 0000  
                   ??_ISR 0078                     ?_BITS 0077                     ?_LEDS 0077  
                   ?_main 0077             __CFG_WDTE$OFF 0000                     _ANSEL 0188  
                   i1l141 0166                     i1l126 0078                     i1l142 0168  
                   i1l127 0090                     i1l801 008A                     i1l803 008F  
                   i1l807 015F                     i1l809 0164                     i1l771 0063  
                   i1l781 0070                     i1l773 0065                     i1l791 007D  
                   i1l783 0075                     i1l775 0066                     i1l793 007F  
                   i1l785 0076                     i1l777 0067                     i1l769 005D  
                   i1l881 00DE                     i1l873 00CE                     i1l865 00BC  
                   i1l795 0080                     i1l779 006B                     i1l875 00D4  
                   i1l867 00C0                     i1l797 0084                     i1l789 007C  
                   i1l877 00D9                     i1l869 00C2                     i1l799 0089  
                   i1l879 00DA                     u10_20 0164                     u10_21 0163  
                   u13_20 00C0                     u13_21 00BF                     u14_20 00CE  
                   u14_21 00CD                     u15_20 00D4                     u15_21 00D3  
                   _PORTA 0005                     _PORTC 0007                     _TRISA 0085  
                   _TRISB 0086                     _TRISC 0087                     _TRISD 0088  
          __CFG_FCMEN$OFF 0000                     _setup 0091            __CFG_BOREN$OFF 0000  
                   pclath 000A                     status 0003                     wtemp0 007E  
            __end_of_BITS 014D              __end_of_LEDS 0091            __CFG_MCLRE$OFF 0000  
         __initialization 000F              __end_of_main 015F                    ??_BITS 007A  
                  ??_LEDS 0077                    ??_main 007D                 ??_DISPLAY 007C  
                  _ADCON0 001F                    _ADCON1 009F                    _ADRESH 001E  
                  ?_setup 0077                    _ANSELH 0189                    _INTCON 000B  
                  _REBOTE 015F            __CFG_PWRTE$OFF 0000                    _change 0071  
                  saved_w 007E      __size_of_INTERCAMBIO 0020   __end_of__initialization 0024  
          __pcstackCOMMON 0077              __pidataBANK0 00E7             __end_of_setup 00BC  
                 ??_setup 007A                   ?_REBOTE 0077                __pmaintext 014D  
              __pintentry 0004                   _DISPLAY 0028                   _ESTADOR 0075  
                 _ESTADOS 0076           __size_of_REBOTE 000A                   __ptext1 0091  
                 __ptext2 0028                   __ptext3 0107                   __ptext4 013A  
                 __ptext5 00BC                   __ptext6 015F                   __ptext7 005D  
            __size_of_ISR 002B      end_of_initialization 0024                 _SEGMENTO1 0030  
               _SEGMENTO2 0020                 _PORTBbits 0006                 _PORTDbits 0008  
          __end_of_REBOTE 0169       start_initialization 000F               __end_of_ISR 00E7  
           ??_INTERCAMBIO 007A                  ??_REBOTE 0077  __CFG_FOSC$INTRC_NOCLKOUT 0000  
              init_fetch0 0127               __pdataBANK0 0020                  ?_DISPLAY 0077  
             __pbssCOMMON 0070                 ___latbits 0002       __end_of_INTERCAMBIO 0127  
          __size_of_setup 002B         interrupt_function 0004                  _PIE1bits 008C  
                _PIR1bits 000C                _ADCON0bits 001F          __size_of_DISPLAY 0035  
             _INTERCAMBIO 0107         __CFG_BOR4V$BOR40V 0000             __size_of_BITS 0013  
           __size_of_LEDS 0034             __size_of_main 0012                _INTCONbits 000B  
                init_ram0 012B                  intlevel1 0000                _OSCCONbits 008F  
              _OPTION_REG 0081  
