

Microchip MPLAB XC8 Assembler V2.10 build 88905656 
                                                                                               Wed Feb 05 12:14:01 2020

Microchip MPLAB XC8 C Compiler v2.10 (Free license) build 20190730164152 Og1 
     1                           	processor	16F887
     2                           	opt	pw 120
     3                           	opt	flic
     4                           	psect	cinit,global,class=CODE,merge=1,delta=2
     5                           	psect	bssCOMMON,global,class=COMMON,space=1,delta=1
     6                           	psect	cstackCOMMON,global,class=COMMON,space=1,delta=1
     7                           	psect	maintext,global,class=CODE,split=1,delta=2
     8                           	psect	text1,local,class=CODE,merge=1,delta=2
     9                           	psect	intentry,global,class=CODE,delta=2
    10                           	psect	text2,local,class=CODE,merge=1,delta=2
    11                           	psect	text3,local,class=CODE,merge=1,delta=2
    12                           	psect	text4,local,class=CODE,merge=1,delta=2
    13                           	psect	text5,local,class=CODE,merge=1,delta=2
    14                           	dabs	1,0x7E,2
    15  0000                     
    16                           ; Version 2.10
    17                           ; Generated 31/07/2019 GMT
    18                           ; 
    19                           ; Copyright © 2019, Microchip Technology Inc. and its subsidiaries ("Microchip")
    20                           ; All rights reserved.
    21                           ; 
    22                           ; This software is developed by Microchip Technology Inc. and its subsidiaries ("Microch
      +                          ip").
    23                           ; 
    24                           ; Redistribution and use in source and binary forms, with or without modification, are
    25                           ; permitted provided that the following conditions are met:
    26                           ; 
    27                           ;     1. Redistributions of source code must retain the above copyright notice, this lis
      +                          t of
    28                           ;        conditions and the following disclaimer.
    29                           ; 
    30                           ;     2. Redistributions in binary form must reproduce the above copyright notice, this 
      +                          list
    31                           ;        of conditions and the following disclaimer in the documentation and/or other
    32                           ;        materials provided with the distribution.
    33                           ; 
    34                           ;     3. Microchip's name may not be used to endorse or promote products derived from th
      +                          is
    35                           ;        software without specific prior written permission.
    36                           ; 
    37                           ; THIS SOFTWARE IS PROVIDED BY MICROCHIP "AS IS" AND ANY EXPRESS OR IMPLIED WARRANTIES,
    38                           ; INCLUDING, BUT NOT LIMITED TO, THE IMPLIED WARRANTIES OF MERCHANTABILITY AND FITNESS F
      +                          OR
    39                           ; PURPOSE ARE DISCLAIMED.  IN NO EVENT SHALL MICROCHIP BE LIABLE FOR ANY DIRECT, INDIREC
      +                          T,
    40                           ; INCIDENTAL, SPECIAL, EXEMPLARY, OR CONSEQUENTIAL DAMAGES (INCLUDING BUT NOT LIMITED TO
    41                           ; PROCUREMENT OF SUBSTITUTE GOODS OR SERVICES; LOSS OF USE, DATA OR PROFITS; OR BUSINESS
    42                           ; INTERRUPTION) HOWSOEVER CAUSED AND ON ANY THEORY OF LIABILITY, WHETHER IN CONTRACT, ST
      +                          RICT
    43                           ; LIABILITY, OR TORT (INCLUDING NEGLIGENCE OR OTHERWISE) ARISING IN ANY WAY OUT OF THE U
      +                          SE OF
    44                           ; THIS SOFTWARE, EVEN IF ADVISED OF THE POSSIBILITY OF SUCH DAMAGE.
    45                           ; 
    46                           ; 
    47                           ; Code-generator required, PIC16F887 Definitions
    48                           ; 
    49                           ; SFR Addresses
    50  0000                     	;# 
    51  0001                     	;# 
    52  0002                     	;# 
    53  0003                     	;# 
    54  0004                     	;# 
    55  0005                     	;# 
    56  0006                     	;# 
    57  0007                     	;# 
    58  0008                     	;# 
    59  0009                     	;# 
    60  000A                     	;# 
    61  000B                     	;# 
    62  000C                     	;# 
    63  000D                     	;# 
    64  000E                     	;# 
    65  000E                     	;# 
    66  000F                     	;# 
    67  0010                     	;# 
    68  0011                     	;# 
    69  0012                     	;# 
    70  0013                     	;# 
    71  0014                     	;# 
    72  0015                     	;# 
    73  0015                     	;# 
    74  0016                     	;# 
    75  0017                     	;# 
    76  0018                     	;# 
    77  0019                     	;# 
    78  001A                     	;# 
    79  001B                     	;# 
    80  001B                     	;# 
    81  001C                     	;# 
    82  001D                     	;# 
    83  001E                     	;# 
    84  001F                     	;# 
    85  0081                     	;# 
    86  0085                     	;# 
    87  0086                     	;# 
    88  0087                     	;# 
    89  0088                     	;# 
    90  0089                     	;# 
    91  008C                     	;# 
    92  008D                     	;# 
    93  008E                     	;# 
    94  008F                     	;# 
    95  0090                     	;# 
    96  0091                     	;# 
    97  0092                     	;# 
    98  0093                     	;# 
    99  0093                     	;# 
   100  0093                     	;# 
   101  0094                     	;# 
   102  0095                     	;# 
   103  0096                     	;# 
   104  0097                     	;# 
   105  0098                     	;# 
   106  0099                     	;# 
   107  009A                     	;# 
   108  009B                     	;# 
   109  009C                     	;# 
   110  009D                     	;# 
   111  009E                     	;# 
   112  009F                     	;# 
   113  0105                     	;# 
   114  0107                     	;# 
   115  0108                     	;# 
   116  0109                     	;# 
   117  010C                     	;# 
   118  010C                     	;# 
   119  010D                     	;# 
   120  010E                     	;# 
   121  010F                     	;# 
   122  0185                     	;# 
   123  0187                     	;# 
   124  0188                     	;# 
   125  0189                     	;# 
   126  018C                     	;# 
   127  018D                     	;# 
   128  0000                     	;# 
   129  0001                     	;# 
   130  0002                     	;# 
   131  0003                     	;# 
   132  0004                     	;# 
   133  0005                     	;# 
   134  0006                     	;# 
   135  0007                     	;# 
   136  0008                     	;# 
   137  0009                     	;# 
   138  000A                     	;# 
   139  000B                     	;# 
   140  000C                     	;# 
   141  000D                     	;# 
   142  000E                     	;# 
   143  000E                     	;# 
   144  000F                     	;# 
   145  0010                     	;# 
   146  0011                     	;# 
   147  0012                     	;# 
   148  0013                     	;# 
   149  0014                     	;# 
   150  0015                     	;# 
   151  0015                     	;# 
   152  0016                     	;# 
   153  0017                     	;# 
   154  0018                     	;# 
   155  0019                     	;# 
   156  001A                     	;# 
   157  001B                     	;# 
   158  001B                     	;# 
   159  001C                     	;# 
   160  001D                     	;# 
   161  001E                     	;# 
   162  001F                     	;# 
   163  0081                     	;# 
   164  0085                     	;# 
   165  0086                     	;# 
   166  0087                     	;# 
   167  0088                     	;# 
   168  0089                     	;# 
   169  008C                     	;# 
   170  008D                     	;# 
   171  008E                     	;# 
   172  008F                     	;# 
   173  0090                     	;# 
   174  0091                     	;# 
   175  0092                     	;# 
   176  0093                     	;# 
   177  0093                     	;# 
   178  0093                     	;# 
   179  0094                     	;# 
   180  0095                     	;# 
   181  0096                     	;# 
   182  0097                     	;# 
   183  0098                     	;# 
   184  0099                     	;# 
   185  009A                     	;# 
   186  009B                     	;# 
   187  009C                     	;# 
   188  009D                     	;# 
   189  009E                     	;# 
   190  009F                     	;# 
   191  0105                     	;# 
   192  0107                     	;# 
   193  0108                     	;# 
   194  0109                     	;# 
   195  010C                     	;# 
   196  010C                     	;# 
   197  010D                     	;# 
   198  010E                     	;# 
   199  010F                     	;# 
   200  0185                     	;# 
   201  0187                     	;# 
   202  0188                     	;# 
   203  0189                     	;# 
   204  018C                     	;# 
   205  018D                     	;# 
   206  001E                     _ADRESH	set	30
   207  0007                     _PORTC	set	7
   208  0006                     _PORTBbits	set	6
   209  0005                     _PORTA	set	5
   210  000B                     _INTCON	set	11
   211  001F                     _ADCON0bits	set	31
   212  0059                     _INTF	set	89
   213  0096                     _IOCB	set	150
   214  009F                     _ADCON1bits	set	159
   215  008F                     _OSCCONbits	set	143
   216  0086                     _TRISB	set	134
   217  0087                     _TRISC	set	135
   218  0085                     _TRISA	set	133
   219  0189                     _ANSELH	set	393
   220  0188                     _ANSEL	set	392
   221                           
   222                           ; #config settings
   223  0000                     
   224                           	psect	cinit
   225  0000'                    start_initialization:	
   226  0000'                    __initialization:	
   227                           
   228                           ; Clear objects allocated to COMMON
   229  0000' 0180'              	clrf	__pbssCOMMON& (0+127)
   230  0001' 0180'              	clrf	(__pbssCOMMON+1)& (0+127)
   231  0002' 0180'              	clrf	(__pbssCOMMON+2)& (0+127)
   232  0003'                    end_of_initialization:	
   233                           ;End of C runtime variable initialization code
   234                           
   235  0003'                    __end_of__initialization:	
   236  0003' 0183               	clrf	3
   237  0004' 120A' 118A' 2800'  	ljmp	_main	;jump to C main() function
   238                           
   239                           	psect	bssCOMMON
   240  0000'                    __pbssCOMMON:	
   241  0000'                    _sum:	
   242  0000'                    	ds	1
   243  0001'                    _ESTADOR:	
   244  0001'                    	ds	1
   245  0002'                    _ESTADOS:	
   246  0002'                    	ds	1
   247                           
   248                           	psect	cstackCOMMON
   249  0000'                    __pcstackCOMMON:	
   250  0000'                    ?_LEDS:	
   251  0000'                    ??_LEDS:	
   252                           ; 1 bytes @ 0x0
   253                           
   254  0000'                    ?_DISPLAY:	
   255                           ; 1 bytes @ 0x0
   256                           
   257  0000'                    ?_isr:	
   258                           ; 1 bytes @ 0x0
   259                           
   260  0000'                    ?_main:	
   261                           ; 1 bytes @ 0x0
   262                           
   263                           
   264                           ; 1 bytes @ 0x0
   265  0000'                    	ds	1
   266  0001'                    ??_isr:	
   267                           
   268                           ; 1 bytes @ 0x1
   269  0001'                    	ds	4
   270  0005'                    ??_DISPLAY:	
   271                           
   272                           ; 1 bytes @ 0x5
   273  0005'                    	ds	1
   274  0006'                    ??_main:	
   275                           
   276                           	psect	maintext
   277  0000'                    __pmaintext:	
   278                           ; 1 bytes @ 0x6
   279 ;;
   280 ;;Main: autosize = 0, tempsize = 0, incstack = 0, save=0
   281 ;;
   282 ;; *************** function _main *****************
   283 ;; Defined at:
   284 ;;		line 51 in file "Lab2.c"
   285 ;; Parameters:    Size  Location     Type
   286 ;;		None
   287 ;; Auto vars:     Size  Location     Type
   288 ;;		None
   289 ;; Return value:  Size  Location     Type
   290 ;;                  1    wreg      void 
   291 ;; Registers used:
   292 ;;		wreg, status,2, status,0, pclath, cstack
   293 ;; Tracked objects:
   294 ;;		On entry : B00/0
   295 ;;		On exit  : 0/0
   296 ;;		Unchanged: 0/0
   297 ;; Data sizes:     COMMON   BANK0   BANK1   BANK3   BANK2
   298 ;;      Params:         0       0       0       0       0
   299 ;;      Locals:         0       0       0       0       0
   300 ;;      Temps:          0       0       0       0       0
   301 ;;      Totals:         0       0       0       0       0
   302 ;;Total ram usage:        0 bytes
   303 ;; Hardware stack levels required when called:    4
   304 ;; This function calls:
   305 ;;		_DISPLAY
   306 ;;		_isr
   307 ;; This function is called by:
   308 ;;		Startup code after reset
   309 ;; This function uses a non-reentrant model
   310 ;;
   311                           
   312                           
   313                           ;psect for function _main
   314  0000'                    _main:	
   315  0000'                    l712:	
   316                           ;incstack = 0
   317                           ; Regs used in _main: [wreg+status,2+status,0+pclath+cstack]
   318                           
   319                           
   320                           ;Lab2.c: 53:     TRISA = 0;
   321  0000' 1683               	bsf	3,5	;RP0=1, select bank1
   322  0001' 1303               	bcf	3,6	;RP1=0, select bank1
   323  0002' 0185               	clrf	5	;volatile
   324                           
   325                           ;Lab2.c: 54:     TRISC = 0;
   326  0003' 0187               	clrf	7	;volatile
   327  0004'                    l714:	
   328                           
   329                           ;Lab2.c: 56:     TRISB = 0b11100000;
   330  0004' 30E0               	movlw	224
   331  0005' 0086               	movwf	6	;volatile
   332  0006'                    l716:	
   333                           
   334                           ;Lab2.c: 57:     ANSEL = 0;
   335  0006' 1683               	bsf	3,5	;RP0=1, select bank3
   336  0007' 1703               	bsf	3,6	;RP1=1, select bank3
   337  0008' 0188               	clrf	8	;volatile
   338                           
   339                           ;Lab2.c: 58:     ANSELH = 0b00100000;
   340  0009' 3020               	movlw	32
   341  000A' 0089               	movwf	9	;volatile
   342  000B'                    l718:	
   343                           
   344                           ;Lab2.c: 59:     OSCCONbits.IRCF = 0b110;
   345  000B' 1683               	bsf	3,5	;RP0=1, select bank1
   346  000C' 1303               	bcf	3,6	;RP1=0, select bank1
   347  000D' 080F               	movf	15,w	;volatile
   348  000E' 398F               	andlw	-113
   349  000F' 3860               	iorlw	96
   350  0010' 008F               	movwf	15	;volatile
   351  0011'                    l720:	
   352                           
   353                           ;Lab2.c: 61:     ADCON0bits.ADCS = 0b01;
   354  0011' 1283               	bcf	3,5	;RP0=0, select bank0
   355  0012' 1303               	bcf	3,6	;RP1=0, select bank0
   356  0013' 081F               	movf	31,w	;volatile
   357  0014' 393F               	andlw	-193
   358  0015' 3840               	iorlw	64
   359  0016' 009F               	movwf	31	;volatile
   360  0017'                    l722:	
   361                           
   362                           ;Lab2.c: 62:     ADCON0bits.CHS = 0b1101;
   363  0017' 081F               	movf	31,w	;volatile
   364  0018' 39C3               	andlw	-61
   365  0019' 3834               	iorlw	52
   366  001A' 009F               	movwf	31	;volatile
   367  001B'                    l724:	
   368                           
   369                           ;Lab2.c: 63:     ADCON0bits.ADON = 1;
   370  001B' 141F               	bsf	31,0	;volatile
   371  001C'                    l726:	
   372                           
   373                           ;Lab2.c: 64:     ADCON1bits.ADFM = 0;
   374  001C' 1683               	bsf	3,5	;RP0=1, select bank1
   375  001D' 1303               	bcf	3,6	;RP1=0, select bank1
   376  001E' 139F               	bcf	31,7	;volatile
   377  001F'                    l728:	
   378                           
   379                           ;Lab2.c: 65:     ADCON1bits.VCFG1 = 0;
   380  001F' 129F               	bcf	31,5	;volatile
   381  0020'                    l730:	
   382                           
   383                           ;Lab2.c: 66:     ADCON1bits.VCFG0 = 0;
   384  0020' 121F               	bcf	31,4	;volatile
   385  0021'                    l732:	
   386                           
   387                           ;Lab2.c: 68:     INTCON =0xE8;
   388  0021' 30E8               	movlw	232
   389  0022' 008B               	movwf	11	;volatile
   390  0023'                    l734:	
   391                           
   392                           ;Lab2.c: 69:     IOCB = 0xC0;
   393  0023' 30C0               	movlw	192
   394  0024' 0096               	movwf	22	;volatile
   395  0025'                    l736:	
   396                           
   397                           ;Lab2.c: 70:     PORTA = 0;
   398  0025' 1283               	bcf	3,5	;RP0=0, select bank0
   399  0026' 1303               	bcf	3,6	;RP1=0, select bank0
   400  0027' 0185               	clrf	5	;volatile
   401  0028'                    l738:	
   402                           
   403                           ;Lab2.c: 71:     DISPLAY();
   404  0028' 120A' 118A' 2000' 120A' 118A' 	fcall	_DISPLAY
   405  002D'                    l740:	
   406                           
   407                           ;Lab2.c: 72:     isr();
   408  002D' 120A' 118A' 2000' 120A' 118A' 	fcall	_isr
   409  0032'                    l53:	
   410  0032' 120A' 118A' 2800'  	ljmp	start
   411  0035'                    __end_of_main:	
   412                           
   413                           	psect	text1
   414  0000'                    __ptext1:	
   415 ;; *************** function _isr *****************
   416 ;; Defined at:
   417 ;;		line 43 in file "Lab2.c"
   418 ;; Parameters:    Size  Location     Type
   419 ;;		None
   420 ;; Auto vars:     Size  Location     Type
   421 ;;		None
   422 ;; Return value:  Size  Location     Type
   423 ;;                  1    wreg      void 
   424 ;; Registers used:
   425 ;;		wreg, status,2, status,0, pclath, cstack
   426 ;; Tracked objects:
   427 ;;		On entry : 0/0
   428 ;;		On exit  : 0/0
   429 ;;		Unchanged: 0/0
   430 ;; Data sizes:     COMMON   BANK0   BANK1   BANK3   BANK2
   431 ;;      Params:         0       0       0       0       0
   432 ;;      Locals:         0       0       0       0       0
   433 ;;      Temps:          4       0       0       0       0
   434 ;;      Totals:         4       0       0       0       0
   435 ;;Total ram usage:        4 bytes
   436 ;; Hardware stack levels used:    1
   437 ;; Hardware stack levels required when called:    3
   438 ;; This function calls:
   439 ;;		_LEDS
   440 ;; This function is called by:
   441 ;;		_main
   442 ;; This function uses a non-reentrant model
   443 ;;
   444                           
   445                           
   446                           ;psect for function _isr
   447  0000'                    _isr:	
   448  0000'                    l704:	
   449                           
   450                           ;Lab2.c: 44:     _delay((unsigned long)((5)*(4000000/4000.0)));
   451  0000' 3007               	movlw	7
   452  0001' 0082'              	movwf	??_isr+1
   453  0002' 307D               	movlw	125
   454  0003' 0081'              	movwf	??_isr
   455  0004'                    u167:	
   456  0004' 0B81'              	decfsz	??_isr,f
   457  0005' 2800'              	goto	u167
   458  0006' 0B82'              	decfsz	??_isr+1,f
   459  0007' 2800'              	goto	u167
   460  0008'                    l706:	
   461                           
   462                           ;Lab2.c: 45:     if(INTF==1){
   463  0008' 1C8B               	btfss	11,1	;volatile
   464  0009' 2800'              	goto	u81
   465  000A' 2800'              	goto	u80
   466  000B'                    u81:	
   467  000B' 2800'              	goto	l48
   468  000C'                    u80:	
   469  000C'                    l708:	
   470                           
   471                           ;Lab2.c: 46:         LEDS();
   472  000C' 120A' 118A' 2000' 120A' 118A' 	fcall	_LEDS
   473  0011'                    l710:	
   474                           
   475                           ;Lab2.c: 47:         INTF = 0;
   476  0011' 108B               	bcf	11,1	;volatile
   477  0012'                    l48:	
   478  0012' 0804'              	movf	??_isr+3,w
   479  0013' 008A               	movwf	10
   480  0014' 0E00'              	swapf	(??_isr+2)^(0+4294967168),w
   481  0015' 0083               	movwf	3
   482  0016' 0EFE               	swapf	btemp,f
   483  0017' 0E7E               	swapf	btemp,w
   484  0018' 0009               	retfie
   485  0019'                    __end_of_isr:	
   486                           
   487                           	psect	intentry
   488  0000'                    __pintentry:	
   489                           ;incstack = 0
   490                           ; Regs used in _isr: [wreg+status,2+status,0+pclath+cstack]
   491                           
   492  0000'                    interrupt_function:	
   493  007E                     saved_w	set	btemp
   494  0000' 00FE               	movwf	btemp
   495  0001' 0E03               	swapf	3,w
   496  0002' 0083'              	movwf	??_isr+2
   497  0003' 080A               	movf	10,w
   498  0004' 0084'              	movwf	??_isr+3
   499  0005' 120A' 118A' 2800'  	ljmp	_isr
   500  0008'                    interrupt_function:	
   501                           ;incstack = 0
   502                           ; Regs used in i1_isr: [wreg+status,2+status,0+pclath+cstack]
   503                           
   504  007E                     saved_w	set	btemp
   505  0008' 00FE               	movwf	btemp
   506  0009' 0E03               	swapf	3,w
   507  000A' 0082'              	movwf	??i1_isr+2
   508  000B' 080A               	movf	10,w
   509  000C' 0083'              	movwf	??i1_isr+3
   510  000D' 120A' 118A' 2800'  	ljmp	i1_isr
   511                           
   512                           	psect	text2
   513  0000'                    __ptext2:	
   514 ;; *************** function _LEDS *****************
   515 ;; Defined at:
   516 ;;		line 74 in file "Lab2.c"
   517 ;; Parameters:    Size  Location     Type
   518 ;;		None
   519 ;; Auto vars:     Size  Location     Type
   520 ;;		None
   521 ;; Return value:  Size  Location     Type
   522 ;;                  1    wreg      void 
   523 ;; Registers used:
   524 ;;		wreg, status,2, status,0
   525 ;; Tracked objects:
   526 ;;		On entry : 0/0
   527 ;;		On exit  : 0/0
   528 ;;		Unchanged: 0/0
   529 ;; Data sizes:     COMMON   BANK0   BANK1   BANK3   BANK2
   530 ;;      Params:         0       0       0       0       0
   531 ;;      Locals:         0       0       0       0       0
   532 ;;      Temps:          1       0       0       0       0
   533 ;;      Totals:         1       0       0       0       0
   534 ;;Total ram usage:        1 bytes
   535 ;; Hardware stack levels used:    1
   536 ;; Hardware stack levels required when called:    2
   537 ;; This function calls:
   538 ;;		Nothing
   539 ;; This function is called by:
   540 ;;		_isr
   541 ;; This function uses a non-reentrant model
   542 ;;
   543                           
   544                           
   545                           ;psect for function _LEDS
   546  0000'                    _LEDS:	
   547  0000'                    l56:	
   548                           ;incstack = 0
   549                           ; Regs used in _LEDS: [wreg+status,2+status,0]
   550                           ;Lab2.c: 75:     while(1){
   551                           
   552                           
   553                           ;Lab2.c: 76:     if(PORTBbits.RB7==1){
   554  0000' 1283               	bcf	3,5	;RP0=0, select bank0
   555  0001' 1303               	bcf	3,6	;RP1=0, select bank0
   556  0002' 1F86               	btfss	6,7	;volatile
   557  0003' 2800'              	goto	u11
   558  0004' 2800'              	goto	u10
   559  0005'                    u11:	
   560  0005' 2800'              	goto	l666
   561  0006'                    u10:	
   562  0006'                    l662:	
   563                           
   564                           ;Lab2.c: 77:         ESTADOS =1;
   565  0006' 0182'              	clrf	_ESTADOS
   566  0007' 0A82'              	incf	_ESTADOS,f
   567  0008'                    l664:	
   568                           
   569                           ;Lab2.c: 78:         ESTADOR= 0;
   570  0008' 0181'              	clrf	_ESTADOR
   571  0009'                    l666:	
   572                           
   573                           ;Lab2.c: 80:     if(PORTBbits.RB7==0 && ESTADOS ==1){
   574  0009' 1B86               	btfsc	6,7	;volatile
   575  000A' 2800'              	goto	u21
   576  000B' 2800'              	goto	u20
   577  000C'                    u21:	
   578  000C' 2800'              	goto	l58
   579  000D'                    u20:	
   580  000D'                    l668:	
   581  000D' 0302'              	decf	_ESTADOS,w
   582  000E' 1D03               	btfss	3,2
   583  000F' 2800'              	goto	u31
   584  0010' 2800'              	goto	u30
   585  0011'                    u31:	
   586  0011' 2800'              	goto	l58
   587  0012'                    u30:	
   588  0012'                    l670:	
   589                           
   590                           ;Lab2.c: 81:         sum=sum+1;
   591  0012' 0800'              	movf	_sum,w
   592  0013' 3E01               	addlw	1
   593  0014' 0080'              	movwf	??_LEDS
   594  0015' 0800'              	movf	??_LEDS,w
   595  0016' 0080'              	movwf	_sum
   596  0017'                    l672:	
   597                           
   598                           ;Lab2.c: 82:         ESTADOS=0;
   599  0017' 0182'              	clrf	_ESTADOS
   600  0018'                    l674:	
   601                           
   602                           ;Lab2.c: 83:         PORTA = sum;
   603  0018' 0800'              	movf	_sum,w
   604  0019' 0085               	movwf	5	;volatile
   605  001A' 2800'              	goto	l59
   606  001B'                    l58:	
   607                           ;Lab2.c: 85:         }
   608                           
   609                           
   610                           ;Lab2.c: 86:     if(PORTBbits.RB6==1){
   611  001B' 1F06               	btfss	6,6	;volatile
   612  001C' 2800'              	goto	u41
   613  001D' 2800'              	goto	u40
   614  001E'                    u41:	
   615  001E' 2800'              	goto	l682
   616  001F'                    u40:	
   617  001F'                    l678:	
   618                           
   619                           ;Lab2.c: 87:         ESTADOS=0;
   620  001F' 0182'              	clrf	_ESTADOS
   621  0020'                    l680:	
   622                           
   623                           ;Lab2.c: 88:         ESTADOR=1;
   624  0020' 0181'              	clrf	_ESTADOR
   625  0021' 0A81'              	incf	_ESTADOR,f
   626  0022'                    l682:	
   627                           
   628                           ;Lab2.c: 90:     if(PORTBbits.RB6==0 && ESTADOR ==1){
   629  0022' 1B06               	btfsc	6,6	;volatile
   630  0023' 2800'              	goto	u51
   631  0024' 2800'              	goto	u50
   632  0025'                    u51:	
   633  0025' 2800'              	goto	l56
   634  0026'                    u50:	
   635  0026'                    l684:	
   636  0026' 0301'              	decf	_ESTADOR,w
   637  0027' 1D03               	btfss	3,2
   638  0028' 2800'              	goto	u61
   639  0029' 2800'              	goto	u60
   640  002A'                    u61:	
   641  002A' 2800'              	goto	l56
   642  002B'                    u60:	
   643  002B'                    l686:	
   644                           
   645                           ;Lab2.c: 91:         ESTADOR = 0;
   646  002B' 0181'              	clrf	_ESTADOR
   647  002C'                    l688:	
   648                           
   649                           ;Lab2.c: 92:         sum = sum-1;
   650  002C' 0800'              	movf	_sum,w
   651  002D' 3EFF               	addlw	255
   652  002E' 0080'              	movwf	??_LEDS
   653  002F' 0800'              	movf	??_LEDS,w
   654  0030' 0080'              	movwf	_sum
   655  0031' 2800'              	goto	l674
   656  0032'                    l59:	
   657  0032' 0008               	return
   658  0033'                    __end_of_LEDS:	
   659                           
   660                           	psect	text3
   661  0000'                    __ptext3:	
   662 ;; *************** function _DISPLAY *****************
   663 ;; Defined at:
   664 ;;		line 98 in file "Lab2.c"
   665 ;; Parameters:    Size  Location     Type
   666 ;;		None
   667 ;; Auto vars:     Size  Location     Type
   668 ;;		None
   669 ;; Return value:  Size  Location     Type
   670 ;;                  1    wreg      void 
   671 ;; Registers used:
   672 ;;		wreg
   673 ;; Tracked objects:
   674 ;;		On entry : 0/0
   675 ;;		On exit  : 0/0
   676 ;;		Unchanged: 0/0
   677 ;; Data sizes:     COMMON   BANK0   BANK1   BANK3   BANK2
   678 ;;      Params:         0       0       0       0       0
   679 ;;      Locals:         0       0       0       0       0
   680 ;;      Temps:          1       0       0       0       0
   681 ;;      Totals:         1       0       0       0       0
   682 ;;Total ram usage:        1 bytes
   683 ;; Hardware stack levels used:    1
   684 ;; Hardware stack levels required when called:    2
   685 ;; This function calls:
   686 ;;		Nothing
   687 ;; This function is called by:
   688 ;;		_main
   689 ;; This function uses a non-reentrant model
   690 ;;
   691                           
   692                           
   693                           ;psect for function _DISPLAY
   694  0000'                    _DISPLAY:	
   695  0000'                    l66:	
   696                           ;incstack = 0
   697                           ; Regs used in _DISPLAY: [wreg]
   698                           ;Lab2.c: 99:     while (1){
   699                           
   700  0000'                    l694:	
   701                           
   702                           ;Lab2.c: 100:         _delay((unsigned long)((1)*(4000000/4000.0)));
   703  0000' 30C7               	movlw	199
   704  0001' 0085'              	movwf	??_DISPLAY
   705  0002'                    u177:	
   706  0002' 2800'              	nop2
   707  0003' 0B85'              	decfsz	??_DISPLAY,f
   708  0004' 2800'              	goto	u177
   709  0005' 2800'              	nop2
   710  0006' 2800'              	nop2
   711  0007'                    l696:	
   712                           
   713                           ;Lab2.c: 101:          if (ADCON0bits.GO_DONE == 0){
   714  0007' 1283               	bcf	3,5	;RP0=0, select bank0
   715  0008' 1303               	bcf	3,6	;RP1=0, select bank0
   716  0009' 189F               	btfsc	31,1	;volatile
   717  000A' 2800'              	goto	u71
   718  000B' 2800'              	goto	u70
   719  000C'                    u71:	
   720  000C' 2800'              	goto	l700
   721  000D'                    u70:	
   722  000D'                    l698:	
   723                           
   724                           ;Lab2.c: 102:              ADCON0bits.GO_DONE = 1;
   725  000D' 149F               	bsf	31,1	;volatile
   726  000E'                    l700:	
   727                           
   728                           ;Lab2.c: 104:          PORTC = ADRESH;
   729  000E' 081E               	movf	30,w	;volatile
   730  000F' 0087               	movwf	7	;volatile
   731  0010'                    l68:	
   732  0010' 0008               	return
   733  0011'                    __end_of_DISPLAY:	
   734                           
   735                           	psect	text4
   736  0000'                    __ptext4:	
   737 ;; *************** function i1_isr *****************
   738 ;; Defined at:
   739 ;;		line 43 in file "Lab2.c"
   740 ;; Parameters:    Size  Location     Type
   741 ;;		None
   742 ;; Auto vars:     Size  Location     Type
   743 ;;		None
   744 ;; Return value:  Size  Location     Type
   745 ;;                  1    wreg      void 
   746 ;; Registers used:
   747 ;;		wreg, status,2, status,0, pclath, cstack
   748 ;; Tracked objects:
   749 ;;		On entry : 0/0
   750 ;;		On exit  : 0/0
   751 ;;		Unchanged: 0/0
   752 ;; Data sizes:     COMMON   BANK0   BANK1   BANK3   BANK2
   753 ;;      Params:         0       0       0       0       0
   754 ;;      Locals:         0       0       0       0       0
   755 ;;      Temps:          4       0       0       0       0
   756 ;;      Totals:         4       0       0       0       0
   757 ;;Total ram usage:        4 bytes
   758 ;; Hardware stack levels used:    1
   759 ;; Hardware stack levels required when called:    1
   760 ;; This function calls:
   761 ;;		i1_LEDS
   762 ;; This function is called by:
   763 ;; This function uses a non-reentrant model
   764 ;;
   765                           
   766                           
   767                           ;psect for function i1_isr
   768  0000'                    i1_isr:	
   769  0000'                    i1l742:	
   770                           
   771                           ;Lab2.c: 44:     _delay((unsigned long)((5)*(4000000/4000.0)));
   772  0000' 3007               	movlw	7
   773  0001' 0081'              	movwf	??i1_isr+1
   774  0002' 307D               	movlw	125
   775  0003' 0080'              	movwf	??i1_isr
   776  0004'                    u18_27:	
   777  0004' 0B80'              	decfsz	??i1_isr,f
   778  0005' 2800'              	goto	u18_27
   779  0006' 0B81'              	decfsz	??i1_isr+1,f
   780  0007' 2800'              	goto	u18_27
   781  0008'                    i1l744:	
   782                           
   783                           ;Lab2.c: 45:     if(INTF==1){
   784  0008' 1C8B               	btfss	11,1	;volatile
   785  0009' 2800'              	goto	u9_21
   786  000A' 2800'              	goto	u9_20
   787  000B'                    u9_21:	
   788  000B' 2800'              	goto	i1l48
   789  000C'                    u9_20:	
   790  000C'                    i1l746:	
   791                           
   792                           ;Lab2.c: 46:         LEDS();
   793  000C' 120A' 118A' 2000' 120A' 118A' 	fcall	i1_LEDS
   794  0011'                    i1l748:	
   795                           
   796                           ;Lab2.c: 47:         INTF = 0;
   797  0011' 108B               	bcf	11,1	;volatile
   798  0012'                    i1l48:	
   799  0012' 0803'              	movf	??i1_isr+3,w
   800  0013' 008A               	movwf	10
   801  0014' 0E00'              	swapf	(??i1_isr+2)^(0+4294967168),w
   802  0015' 0083               	movwf	3
   803  0016' 0EFE               	swapf	btemp,f
   804  0017' 0E7E               	swapf	btemp,w
   805  0018' 0009               	retfie
   806  0019'                    __end_ofi1_isr:	
   807                           
   808                           	psect	text5
   809  0000'                    __ptext5:	
   810 ;; *************** function i1_LEDS *****************
   811 ;; Defined at:
   812 ;;		line 74 in file "Lab2.c"
   813 ;; Parameters:    Size  Location     Type
   814 ;;		None
   815 ;; Auto vars:     Size  Location     Type
   816 ;;		None
   817 ;; Return value:  Size  Location     Type
   818 ;;                  1    wreg      void 
   819 ;; Registers used:
   820 ;;		wreg, status,2, status,0
   821 ;; Tracked objects:
   822 ;;		On entry : 0/0
   823 ;;		On exit  : 0/0
   824 ;;		Unchanged: 0/0
   825 ;; Data sizes:     COMMON   BANK0   BANK1   BANK3   BANK2
   826 ;;      Params:         0       0       0       0       0
   827 ;;      Locals:         0       0       0       0       0
   828 ;;      Temps:          1       0       0       0       0
   829 ;;      Totals:         1       0       0       0       0
   830 ;;Total ram usage:        1 bytes
   831 ;; Hardware stack levels used:    1
   832 ;; This function calls:
   833 ;;		Nothing
   834 ;; This function is called by:
   835 ;;		i1_isr
   836 ;; This function uses a non-reentrant model
   837 ;;
   838                           
   839                           
   840                           ;psect for function i1_LEDS
   841  0000'                    i1_LEDS:	
   842  0000'                    i1l56:	
   843                           ;incstack = 0
   844                           ; Regs used in i1_LEDS: [wreg+status,2+status,0]
   845                           ;Lab2.c: 75:     while(1){
   846                           
   847                           
   848                           ;Lab2.c: 76:     if(PORTBbits.RB7==1){
   849  0000' 1283               	bcf	3,5	;RP0=0, select bank0
   850  0001' 1303               	bcf	3,6	;RP1=0, select bank0
   851  0002' 1F86               	btfss	6,7	;volatile
   852  0003' 2800'              	goto	u10_21
   853  0004' 2800'              	goto	u10_20
   854  0005'                    u10_21:	
   855  0005' 2800'              	goto	i1l754
   856  0006'                    u10_20:	
   857  0006'                    i1l750:	
   858                           
   859                           ;Lab2.c: 77:         ESTADOS =1;
   860  0006' 0182'              	clrf	_ESTADOS
   861  0007' 0A82'              	incf	_ESTADOS,f
   862  0008'                    i1l752:	
   863                           
   864                           ;Lab2.c: 78:         ESTADOR= 0;
   865  0008' 0181'              	clrf	_ESTADOR
   866  0009'                    i1l754:	
   867                           
   868                           ;Lab2.c: 80:     if(PORTBbits.RB7==0 && ESTADOS ==1){
   869  0009' 1B86               	btfsc	6,7	;volatile
   870  000A' 2800'              	goto	u11_21
   871  000B' 2800'              	goto	u11_20
   872  000C'                    u11_21:	
   873  000C' 2800'              	goto	i1l58
   874  000D'                    u11_20:	
   875  000D'                    i1l756:	
   876  000D' 0302'              	decf	_ESTADOS,w
   877  000E' 1D03               	btfss	3,2
   878  000F' 2800'              	goto	u12_21
   879  0010' 2800'              	goto	u12_20
   880  0011'                    u12_21:	
   881  0011' 2800'              	goto	i1l58
   882  0012'                    u12_20:	
   883  0012'                    i1l758:	
   884                           
   885                           ;Lab2.c: 81:         sum=sum+1;
   886  0012' 0800'              	movf	_sum,w
   887  0013' 3E01               	addlw	1
   888  0014' 0080'              	movwf	??i1_LEDS
   889  0015' 0800'              	movf	??i1_LEDS,w
   890  0016' 0080'              	movwf	_sum
   891  0017'                    i1l760:	
   892                           
   893                           ;Lab2.c: 82:         ESTADOS=0;
   894  0017' 0182'              	clrf	_ESTADOS
   895  0018'                    i1l762:	
   896                           
   897                           ;Lab2.c: 83:         PORTA = sum;
   898  0018' 0800'              	movf	_sum,w
   899  0019' 0085               	movwf	5	;volatile
   900  001A' 2800'              	goto	i1l59
   901  001B'                    i1l58:	
   902                           ;Lab2.c: 85:         }
   903                           
   904                           
   905                           ;Lab2.c: 86:     if(PORTBbits.RB6==1){
   906  001B' 1F06               	btfss	6,6	;volatile
   907  001C' 2800'              	goto	u13_21
   908  001D' 2800'              	goto	u13_20
   909  001E'                    u13_21:	
   910  001E' 2800'              	goto	i1l770
   911  001F'                    u13_20:	
   912  001F'                    i1l766:	
   913                           
   914                           ;Lab2.c: 87:         ESTADOS=0;
   915  001F' 0182'              	clrf	_ESTADOS
   916  0020'                    i1l768:	
   917                           
   918                           ;Lab2.c: 88:         ESTADOR=1;
   919  0020' 0181'              	clrf	_ESTADOR
   920  0021' 0A81'              	incf	_ESTADOR,f
   921  0022'                    i1l770:	
   922                           
   923                           ;Lab2.c: 90:     if(PORTBbits.RB6==0 && ESTADOR ==1){
   924  0022' 1B06               	btfsc	6,6	;volatile
   925  0023' 2800'              	goto	u14_21
   926  0024' 2800'              	goto	u14_20
   927  0025'                    u14_21:	
   928  0025' 2800'              	goto	i1l56
   929  0026'                    u14_20:	
   930  0026'                    i1l772:	
   931  0026' 0301'              	decf	_ESTADOR,w
   932  0027' 1D03               	btfss	3,2
   933  0028' 2800'              	goto	u15_21
   934  0029' 2800'              	goto	u15_20
   935  002A'                    u15_21:	
   936  002A' 2800'              	goto	i1l56
   937  002B'                    u15_20:	
   938  002B'                    i1l774:	
   939                           
   940                           ;Lab2.c: 91:         ESTADOR = 0;
   941  002B' 0181'              	clrf	_ESTADOR
   942  002C'                    i1l776:	
   943                           
   944                           ;Lab2.c: 92:         sum = sum-1;
   945  002C' 0800'              	movf	_sum,w
   946  002D' 3EFF               	addlw	255
   947  002E' 0080'              	movwf	??i1_LEDS
   948  002F' 0800'              	movf	??i1_LEDS,w
   949  0030' 0080'              	movwf	_sum
   950  0031' 2800'              	goto	i1l762
   951  0032'                    i1l59:	
   952  0032' 0008               	return
   953  0033'                    __end_ofi1_LEDS:	
   954  007E                     btemp	set	126	;btemp
   955  007E                     wtemp0	set	126


Data Sizes:
    Strings     0
    Constant    0
    Data        0
    BSS         3
    Persistent  0
    Stack       0

Auto Spaces:
    Space          Size  Autos    Used
    COMMON           13      6       9
    BANK0            80      0       0
    BANK1            80      0       0
    BANK3            85      0       0
    BANK2            96      0       0

Pointer List with Targets:

    None.

Critical Paths under _main in COMMON

    _main->_DISPLAY
    _isr->_LEDS

Critical Paths under i1_isr in COMMON

    i1_isr->i1_LEDS

Critical Paths under _main in BANK0

    None.

Critical Paths under i1_isr in BANK0

    None.

Critical Paths under _main in BANK1

    None.

Critical Paths under i1_isr in BANK1

    None.

Critical Paths under _main in BANK3

    None.

Critical Paths under i1_isr in BANK3

    None.

Critical Paths under _main in BANK2

    None.

Critical Paths under i1_isr in BANK2

    None.

Call Graph Tables:

 ---------------------------------------------------------------------------------
 (Depth) Function   	        Calls       Base Space   Used Autos Params    Refs
 ---------------------------------------------------------------------------------
 (0) _main                                                 0     0      0       0
                            _DISPLAY
                                _isr
 ---------------------------------------------------------------------------------
 (3) _isr                                                  4     4      0       0
                                              1 COMMON     4     4      0
                               _LEDS
 ---------------------------------------------------------------------------------
 (4) _LEDS                                                 1     1      0       0
                                              0 COMMON     1     1      0
 ---------------------------------------------------------------------------------
 (1) _DISPLAY                                              1     1      0       0
                                              5 COMMON     1     1      0
 ---------------------------------------------------------------------------------
 Estimated maximum stack depth 4
 ---------------------------------------------------------------------------------
 (Depth) Function   	        Calls       Base Space   Used Autos Params    Refs
 ---------------------------------------------------------------------------------
 (0) i1_isr                                                4     4      0       0
                                              1 COMMON     4     4      0
                             i1_LEDS
 ---------------------------------------------------------------------------------
 (0) i1_LEDS                                               1     1      0       0
                                              0 COMMON     1     1      0
 ---------------------------------------------------------------------------------
 Estimated maximum stack depth 0
 ---------------------------------------------------------------------------------

 Call Graph Graphs:

 _main (ROOT)
   _DISPLAY
   _isr
     _LEDS

 i1_isr (ROOT)
   i1_LEDS

 Address spaces:
Name               Size   Autos  Total    Cost      Usage
BITCOMMON            D      0       0       0        0.0%
EEDATA             100      0       0       0        0.0%
NULL                 0      0       0       0        0.0%
CODE                 0      0       0       0        0.0%
COMMON               D      6       9       1       69.2%
BITSFR0              0      0       0       1        0.0%
SFR0                 0      0       0       1        0.0%
BITSFR1              0      0       0       2        0.0%
SFR1                 0      0       0       2        0.0%
STACK                0      0       0       2        0.0%
ABS                  0      0       9       3        0.0%
BITBANK0            50      0       0       4        0.0%
BITSFR3              0      0       0       4        0.0%
SFR3                 0      0       0       4        0.0%
BANK0               50      0       0       5        0.0%
BITSFR2              0      0       0       5        0.0%
SFR2                 0      0       0       5        0.0%
BITBANK1            50      0       0       6        0.0%
BANK1               50      0       0       7        0.0%
BITBANK3            55      0       0       8        0.0%
BANK3               55      0       0       9        0.0%
BITBANK2            60      0       0      10        0.0%
BANK2               60      0       0      11        0.0%
DATA                 0      0       9      12        0.0%


Microchip Technology PIC Macro Assembler V2.10 build 88905656 
Symbol Table                                                                                   Wed Feb 05 12:14:01 2020

             __CFG_CP$OFF 0000                        l53 0032                        l56 0000  
                      l48 0012                        l66 0000                        l58 001B  
                      l59 0032                        l68 0010                        u10 0006  
                      u11 0005                        u20 000D                        u21 000C  
                      u30 0012                        u31 0011                        u40 001F  
                      u41 001E                        u50 0026                        u51 0025  
                      u60 002B                        u61 002A                        u70 000D  
                      u71 000C                        u80 000C                        u81 000B  
                     l700 000E                       l710 0011                       l704 0000  
                     l720 0011                       l712 0000                       l706 0008  
                     l730 0020                       l722 0017                       l714 0004  
                     l708 000C                       l740 002D                       l732 0021  
                     l724 001B                       l716 0006                       l670 0012  
                     l662 0006                       l734 0023                       l726 001C  
                     l718 000B                       l680 0020                       l672 0017  
                     l664 0008                       l736 0025                       l728 001F  
                     l682 0022                       l674 0018                       l666 0009  
                     l738 0028                       l684 0026                       l668 000D  
                     l694 0000                       l686 002B                       l678 001F  
                     l696 0007                       l688 002C                       l698 000D  
                     u167 0004                       u177 0002              __CFG_CPD$OFF 0000  
                     _isr 0000                       _sum 0000           __end_of_DISPLAY 0011  
            __CFG_LVP$OFF 0000                      ?_isr 0000                      _IOCB 0096  
                    _LEDS 0000                      _INTF 0059                      i1l56 0000  
                    i1l48 0012                      i1l58 001B                      i1l59 0032  
                    u9_20 000C                      u9_21 000B              __CFG_WRT$OFF 0000  
                    _main 0000                      btemp 007E                      start 0000* 
           __CFG_IESO$OFF 0000                     ??_isr 0001                     ?_LEDS 0000  
                   ?_main 0000             __CFG_WDTE$OFF 0000                     _ANSEL 0188  
                   i1l750 0006                     i1l742 0000                     i1l760 0017  
                   i1l752 0008                     i1l744 0008                     i1l770 0022  
                   i1l762 0018                     i1l754 0009                     i1l746 000C  
                   i1l772 0026                     i1l756 000D                     i1l748 0011  
                   i1l774 002B                     i1l766 001F                     i1l758 0012  
                   i1l776 002C                     i1l768 0020                     u10_20 0006  
                   u10_21 0005                     u11_20 000D                     u11_21 000C  
                   u12_20 0012                     u12_21 0011                     u13_20 001F  
                   u13_21 001E                     u14_20 0026                     u14_21 0025  
                   u15_20 002B                     u15_21 002A                     u18_27 0004  
                   _PORTA 0005                     _PORTC 0007                     _TRISA 0085  
                   _TRISB 0086                     _TRISC 0087                     i1_isr 0000  
          __CFG_FCMEN$OFF 0000            __CFG_BOREN$OFF 0000                     pclath 000A  
                   status 0003                     wtemp0 007E              __end_of_LEDS 0033  
          __CFG_MCLRE$OFF 0000           __initialization 0000              __end_of_main 0035  
                  ??_LEDS 0000                    ??_main 0006                 ??_DISPLAY 0005  
                  _ADRESH 001E                    _ANSELH 0189                    _INTCON 000B  
                  i1_LEDS 0000            __CFG_PWRTE$OFF 0000                    saved_w 007E  
 __end_of__initialization 0003             __end_ofi1_isr 0019            __pcstackCOMMON 0000  
                 ??i1_isr 0000*               __pmaintext 0000                __pintentry 0000  
                 _DISPLAY 0000                   _ESTADOR 0001                   _ESTADOS 0002  
         __size_ofi1_LEDS 0033                   __ptext1 0000                   __ptext2 0000  
                 __ptext3 0000                   __ptext4 0000                   __ptext5 0000  
            __size_of_isr 0019      end_of_initialization 0003                 _PORTBbits 0006  
          __end_ofi1_LEDS 0033       start_initialization 0000               __end_of_isr 0019  
                ??i1_LEDS 0000* __CFG_FOSC$INTRC_NOCLKOUT 0000                  ?_DISPLAY 0000  
             __pbssCOMMON 0000                 ___latbits 0002            __size_ofi1_isr 0019  
       interrupt_function 0008                _ADCON0bits 001F                _ADCON1bits 009F  
        __size_of_DISPLAY 0011         __CFG_BOR4V$BOR40V 0000             __size_of_LEDS 0033  
           __size_of_main 0035                  intlevel1 0000*               _OSCCONbits 008F  
